Log file open, 09/06/18 10:18:18
LogWindows: Failed to load 'aqProf.dll' (GetLastError=126)
LogWindows: File 'aqProf.dll' does not exist
LogWindows: Failed to load 'VtuneApi.dll' (GetLastError=126)
LogWindows: File 'VtuneApi.dll' does not exist
LogWindows: Failed to load 'VtuneApi32e.dll' (GetLastError=126)
LogWindows: File 'VtuneApi32e.dll' does not exist
LogInit: Display: Running engine for game: CFA
LogPlatformFile: Not using cached read wrapper
LogTaskGraph: Started task graph with 5 named threads and 23 total threads with 3 sets of task threads.
LogStats: Stats thread started at 0.272630
LogD3D11RHI: Loaded GFSDK_Aftermath_Lib.x64.dll
LogICUInternationalization: Display: ICU TimeZone Detection - Raw Offset: -7:00, Platform Override: ''
LogPluginManager: Mounting plugin Paper2D
LogPluginManager: Mounting plugin AISupport
LogPluginManager: Mounting plugin LightPropagationVolume
LogPluginManager: Mounting plugin CLionSourceCodeAccess
LogPluginManager: Mounting plugin CodeLiteSourceCodeAccess
LogPluginManager: Mounting plugin GitSourceControl
LogPluginManager: Mounting plugin KDevelopSourceCodeAccess
LogPluginManager: Mounting plugin NullSourceCodeAccess
LogPluginManager: Mounting plugin PerforceSourceControl
LogPluginManager: Mounting plugin SubversionSourceControl
LogPluginManager: Mounting plugin UObjectPlugin
LogPluginManager: Mounting plugin VisualStudioCodeSourceCodeAccess
LogPluginManager: Mounting plugin VisualStudioSourceCodeAccess
LogPluginManager: Mounting plugin XCodeSourceCodeAccess
LogPluginManager: Mounting plugin AssetManagerEditor
LogPluginManager: Mounting plugin CryptoKeys
LogPluginManager: Mounting plugin DataValidation
LogPluginManager: Mounting plugin FacialAnimation
LogPluginManager: Mounting plugin GameplayTagsEditor
LogPluginManager: Mounting plugin MacGraphicsSwitching
LogPluginManager: Mounting plugin MeshEditor
LogPluginManager: Mounting plugin MobileLauncherProfileWizard
LogPluginManager: Mounting plugin PluginBrowser
LogPluginManager: Mounting plugin SpeedTreeImporter
LogPluginManager: Mounting plugin DatasmithContent
LogPluginManager: Mounting plugin AlembicImporter
LogPluginManager: Mounting plugin AppleImageUtils
LogPluginManager: Mounting plugin AppleVision
LogPluginManager: Mounting plugin BackChannel
LogPluginManager: Mounting plugin CharacterAI
LogPluginManager: Mounting plugin GeometryCache
LogPluginManager: Mounting plugin HTML5Networking
LogPluginManager: Mounting plugin ProxyLODPlugin
LogPluginManager: Mounting plugin MagicLeap
LogPluginManager: Mounting plugin MagicLeapEmulator
LogPluginManager: Mounting plugin MagicLeapMedia
LogPluginManager: Mounting plugin AndroidMedia
LogPluginManager: Mounting plugin AvfMedia
LogPluginManager: Mounting plugin ImgMedia
LogPluginManager: Mounting plugin LinearTimecode
LogPluginManager: Mounting plugin MediaCompositing
LogPluginManager: Mounting plugin MediaPlayerEditor
LogPluginManager: Mounting plugin WmfMedia
LogPluginManager: Mounting plugin TcpMessaging
LogPluginManager: Mounting plugin UdpMessaging
LogPluginManager: Mounting plugin ActorSequence
LogPluginManager: Mounting plugin LevelSequenceEditor
LogPluginManager: Mounting plugin MatineeToLevelSequence
LogPluginManager: Mounting plugin NetcodeUnitTest
LogPluginManager: Mounting plugin NUTUnrealEngine4
LogPluginManager: Mounting plugin OnlineSubsystemGooglePlay
LogPluginManager: Mounting plugin OnlineSubsystemIOS
LogPluginManager: Mounting plugin OnlineSubsystem
LogPluginManager: Mounting plugin OnlineSubsystemNull
LogPluginManager: Mounting plugin OnlineSubsystemUtils
LogPluginManager: Mounting plugin LauncherChunkInstaller
LogPluginManager: Mounting plugin AndroidDeviceProfileSelector
LogPluginManager: Mounting plugin AndroidMoviePlayer
LogPluginManager: Mounting plugin AndroidPermission
LogPluginManager: Mounting plugin AppleMoviePlayer
LogPluginManager: Mounting plugin ArchVisCharacter
LogPluginManager: Mounting plugin AudioCapture
LogPluginManager: Mounting plugin CableComponent
LogPluginManager: Mounting plugin CustomMeshComponent
LogPluginManager: Mounting plugin EditableMesh
LogPluginManager: Mounting plugin ExampleDeviceProfileSelector
LogPluginManager: Mounting plugin GoogleCloudMessaging
LogPluginManager: Mounting plugin ImmediatePhysics
LogPluginManager: Mounting plugin IOSDeviceProfileSelector
LogPluginManager: Mounting plugin LinuxDeviceProfileSelector
LogPluginManager: Mounting plugin LocationServicesBPLibrary
LogPluginManager: Mounting plugin MobilePatchingUtils
LogPluginManager: Mounting plugin OculusVR
LogPluginManager: Plugin shader directory ../../../Engine/Plugins/Runtime/Oculus/OculusVR/Shaders found
LogPluginManager: Mapping shader source directory ../../../Engine/Plugins/Runtime/Oculus/OculusVR/Shaders to virtual directory /Plugin/OculusVR
LogPluginManager: Mounting plugin PhysXVehicles
LogPluginManager: Mounting plugin ProceduralMeshComponent
LogPluginManager: Mounting plugin RuntimePhysXCooking
LogPluginManager: Mounting plugin SteamVR
LogPluginManager: Mounting plugin WindowsMoviePlayer
LogStreaming: Display: Took  0.076s to configure plugins.
LogInit: Using libcurl 7.55.1-DEV
LogInit:  - built for x86_64-pc-win32
LogInit:  - supports SSL with OpenSSL/1.0.2h
LogInit:  - supports HTTP deflate (compression) using libz 1.2.8
LogInit:  - other features:
LogInit:      CURL_VERSION_SSL
LogInit:      CURL_VERSION_LIBZ
LogInit:      CURL_VERSION_IPV6
LogInit:      CURL_VERSION_ASYNCHDNS
LogInit:      CURL_VERSION_LARGEFILE
LogInit:      CURL_VERSION_IDN
LogInit:  CurlRequestOptions (configurable via config and command line):
LogInit:  - bVerifyPeer = false  - Libcurl will NOT verify peer certificate
LogInit:  - bUseHttpProxy = false  - Libcurl will NOT use HTTP proxy
LogInit:  - bDontReuseConnections = false  - Libcurl will reuse connections
LogInit:  - CertBundlePath = nullptr  - Libcurl will use whatever was configured at build time.
LogInit:  - MaxHostConnections = 16  - Libcurl will limit the number of connections to a host
LogInit:  - LocalHostAddr = Default
LogInit:  - BufferSize = 65536
LogInit: WinSock: version 1.1 (2.2), MaxSocks=32767, MaxUdp=65467
LogInit: Build: ++UE4+Release-4.20-CL-4212847
LogInit: Engine Version: 4.20.0-4212847+++UE4+Release-4.20
LogInit: Compatible Engine Version: 4.20.0-4212847+++UE4+Release-4.20
LogInit: Net CL: 4212847
LogInit: OS: Windows 10 (), CPU: Intel(R) Core(TM) i7-4770 CPU @ 3.40GHz, GPU: NVIDIA GeForce GTX 1070
LogInit: Compiled (64-bit): Jul 14 2018 09:51:14
LogInit: Compiled with Visual C++: 19.13.26129.00
LogInit: Build Configuration: Development
LogInit: Branch Name: ++UE4+Release-4.20
LogInit: Command Line:  
LogInit: Base Directory: C:/Program Files/Epic Games/UE_4.20/Engine/Binaries/Win64/
LogInit: Installed Engine Build: 1
LogDevObjectVersion: Number of dev versions registered: 20
LogDevObjectVersion:   Dev-Blueprints (B0D832E4-1F89-4F0D-ACCF-7EB736FD4AA2): 10
LogDevObjectVersion:   Dev-Build (E1C64328-A22C-4D53-A36C-8E866417BD8C): 0
LogDevObjectVersion:   Dev-Core (375EC13C-06E4-48FB-B500-84F0262A717E): 2
LogDevObjectVersion:   Dev-Editor (E4B068ED-F494-42E9-A231-DA0B2E46BB41): 24
LogDevObjectVersion:   Dev-Framework (CFFC743F-43B0-4480-9391-14DF171D2073): 34
LogDevObjectVersion:   Dev-Mobile (B02B49B5-BB20-44E9-A304-32B752E40360): 2
LogDevObjectVersion:   Dev-Networking (A4E4105C-59A1-49B5-A7C5-40C4547EDFEE): 0
LogDevObjectVersion:   Dev-Online (39C831C9-5AE6-47DC-9A44-9C173E1C8E7C): 0
LogDevObjectVersion:   Dev-Physics (78F01B33-EBEA-4F98-B9B4-84EACCB95AA2): 0
LogDevObjectVersion:   Dev-Platform (6631380F-2D4D-43E0-8009-CF276956A95A): 0
LogDevObjectVersion:   Dev-Rendering (12F88B9F-8875-4AFC-A67C-D90C383ABD29): 26
LogDevObjectVersion:   Dev-Sequencer (7B5AE74C-D270-4C10-A958-57980B212A5A): 9
LogDevObjectVersion:   Dev-VR (D7296918-1DD6-4BDD-9DE2-64A83CC13884): 2
LogDevObjectVersion:   Dev-LoadTimes (C2A15278-BFE7-4AFE-6C17-90FF531DF755): 1
LogDevObjectVersion:   Private-Geometry (6EACA3D4-40EC-4CC1-B786-8BED09428FC5): 3
LogDevObjectVersion:   Dev-AnimPhys (29E575DD-E0A3-4627-9D10-D276232CDCEA): 17
LogDevObjectVersion:   Dev-ReflectionCapture (6B266CEC-1EC7-4B8F-A30B-E4D90942FC07): 1
LogDevObjectVersion:   Dev-Automation (0DF73D61-A23F-47EA-B727-89E90C41499A): 1
LogDevObjectVersion:   FortniteMain (601D1886-AC64-4F84-AA16-D3DE0DEAC7D6): 12
LogDevObjectVersion:   Dev-Enterprise (9DFFBCD6-494F-0158-E221-12823C92A888): 1
LogStreaming: Display: Took  0.000s to delete old logs.
LogInit: Presizing for max 8388607 objects, including 0 objects not considered by GC, pre-allocating 0 bytes for permanent pool.
LogInit: Object subsystem initialized
[2018.09.06-16.18.18:926][  0]LogInit: Selected Device Profile: [Windows]
[2018.09.06-16.18.18:926][  0]LogInit: Applying CVar settings loaded from the selected device profile: [Windows]
[2018.09.06-16.18.18:939][  0]LogHAL: Display: Platform has ~ 32 GB [34293321728 / 34359738368 / 32], which maps to Largest [LargestMinGB=32, LargerMinGB=12, DefaultMinGB=8, SmallerMinGB=6, SmallestMinGB=0)
[2018.09.06-16.18.18:939][  0]LogInit: Setting Device Profile CVar: [[r.Vulkan.UseRealUBs:1]]
[2018.09.06-16.18.18:939][  0]LogInit: Going up to parent DeviceProfile []
[2018.09.06-16.18.18:939][  0]LogInit: Computer: eae-d-054
[2018.09.06-16.18.18:939][  0]LogInit: User: u1148638
[2018.09.06-16.18.18:939][  0]LogInit: CPU Page size=4096, Cores=4
[2018.09.06-16.18.18:939][  0]LogInit: High frequency timer resolution =3.318387 MHz
[2018.09.06-16.18.18:939][  0]LogMemory: Memory total: Physical=31.9GB (32GB approx)
[2018.09.06-16.18.18:939][  0]LogMemory: Platform Memory Stats for Windows
[2018.09.06-16.18.18:939][  0]LogMemory: Process Physical Memory: 99.99 MB used, 99.99 MB peak
[2018.09.06-16.18.18:939][  0]LogMemory: Process Virtual Memory: 91.22 MB used, 91.22 MB peak
[2018.09.06-16.18.18:939][  0]LogMemory: Physical Memory: 9525.34 MB used,  23179.32 MB free, 32704.66 MB total
[2018.09.06-16.18.18:939][  0]LogMemory: Virtual Memory: 4640.35 MB used,  23179.32 MB free, 134217728.00 MB total
[2018.09.06-16.18.18:958][  0]LogInit: Using OS detected language (en-US).
[2018.09.06-16.18.18:958][  0]LogInit: Using OS detected locale (en-US).
[2018.09.06-16.18.18:959][  0]LogTextLocalizationManager: No specific localization for 'en-US' exists, so the 'en' localization will be used.
[2018.09.06-16.18.19:319][  0]LogStreaming: Display: Took  0.362s to InitEngineTextLocalization.
[2018.09.06-16.18.19:320][  0]LogInit: Setting process to per monitor DPI aware
[2018.09.06-16.18.19:349][  0]LogSlate: New Slate User Created.  User Index 0, Is Virtual User: 0
[2018.09.06-16.18.19:349][  0]LogSlate: Slate User Registered.  User Index 0, Is Virtual User: 0
[2018.09.06-16.18.19:525][  0]LogHMD: Failed to initialize OpenVR with code 110
[2018.09.06-16.18.19:525][  0]LogD3D11RHI: D3D11 adapters:
[2018.09.06-16.18.19:589][  0]LogD3D11RHI:    0. 'NVIDIA GeForce GTX 1070' (Feature Level 11_0)
[2018.09.06-16.18.19:589][  0]LogD3D11RHI:       8088/0/16352 MB DedicatedVideo/DedicatedSystem/SharedSystem, Outputs:2, VendorId:0x10de
[2018.09.06-16.18.19:591][  0]LogD3D11RHI:    1. 'Microsoft Basic Render Driver' (Feature Level 11_0)
[2018.09.06-16.18.19:591][  0]LogD3D11RHI:       0/0/16352 MB DedicatedVideo/DedicatedSystem/SharedSystem, Outputs:0, VendorId:0x1414
[2018.09.06-16.18.19:591][  0]LogD3D11RHI: Chosen D3D11 Adapter: 0
[2018.09.06-16.18.19:600][  0]LogD3D11RHI: Creating new Direct3DDevice
[2018.09.06-16.18.19:600][  0]LogD3D11RHI:     GPU DeviceId: 0x1b81 (for the marketing name, search the web for "GPU Device Id")
[2018.09.06-16.18.19:600][  0]LogWindows: EnumDisplayDevices:
[2018.09.06-16.18.19:600][  0]LogWindows:    0. 'NVIDIA GeForce GTX 1070' (P:1 D:1)
[2018.09.06-16.18.19:601][  0]LogWindows:    1. 'NVIDIA GeForce GTX 1070' (P:0 D:1)
[2018.09.06-16.18.19:601][  0]LogWindows:    2. 'NVIDIA GeForce GTX 1070' (P:0 D:0)
[2018.09.06-16.18.19:601][  0]LogWindows:    3. 'NVIDIA GeForce GTX 1070' (P:0 D:0)
[2018.09.06-16.18.19:601][  0]LogWindows: DebugString: FoundDriverCount:4 
[2018.09.06-16.18.19:601][  0]LogD3D11RHI:     Adapter Name: NVIDIA GeForce GTX 1070
[2018.09.06-16.18.19:601][  0]LogD3D11RHI:   Driver Version: 398.36 (internal:24.21.13.9836, unified:398.36)
[2018.09.06-16.18.19:601][  0]LogD3D11RHI:      Driver Date: 6-24-2018
[2018.09.06-16.18.19:601][  0]LogRHI: Texture pool is 5661 MB (70% of 8088 MB)
[2018.09.06-16.18.19:634][  0]LogD3D11RHI: Async texture creation enabled
[2018.09.06-16.18.19:651][  0]LogD3D11RHI: GPU Timing Frequency: 1000.000000 (Debug: 2 2)
[2018.09.06-16.18.19:741][  0]LogShaderCompilers: Guid format shader working directory is -34 characters bigger than the processId version (../../../../../../Users/u1148638/Documents/GitHub/ContainmentFacilityArchitect/CFA/Intermediate/Shaders/WorkingDirectory/19132/).
[2018.09.06-16.18.19:742][  0]LogShaderCompilers: Cleaned the shader compiler working directory 'C:/Users/u1148638/AppData/Local/Temp/UnrealShaderWorkingDir/3352D51B4F807C151C58D69AFB55BA6C/'.
[2018.09.06-16.18.19:980][  0]LogTemp: Display: Loaded TP AllDesktopTargetPlatform
[2018.09.06-16.18.19:993][  0]LogTemp: Display: Loaded TP MacClientTargetPlatform
[2018.09.06-16.18.20:008][  0]LogTemp: Display: Loaded TP MacNoEditorTargetPlatform
[2018.09.06-16.18.20:021][  0]LogTemp: Display: Loaded TP MacServerTargetPlatform
[2018.09.06-16.18.20:039][  0]LogTemp: Display: Loaded TP MacTargetPlatform
[2018.09.06-16.18.20:051][  0]LogTemp: Display: Loaded TP WindowsClientTargetPlatform
[2018.09.06-16.18.20:063][  0]LogTemp: Display: Loaded TP WindowsNoEditorTargetPlatform
[2018.09.06-16.18.20:076][  0]LogTemp: Display: Loaded TP WindowsServerTargetPlatform
[2018.09.06-16.18.20:082][  0]LogTemp: Display: Loaded TP WindowsTargetPlatform
[2018.09.06-16.18.20:152][  0]LogTemp: Display: Loaded TP AndroidTargetPlatform
[2018.09.06-16.18.20:152][  0]LogTemp: Display: Loaded TP AndroidTargetPlatform
[2018.09.06-16.18.20:152][  0]LogTemp: Display: Loaded TP AndroidTargetPlatform
[2018.09.06-16.18.20:152][  0]LogTemp: Display: Loaded TP AndroidTargetPlatform
[2018.09.06-16.18.20:152][  0]LogTemp: Display: Loaded TP AndroidTargetPlatform
[2018.09.06-16.18.20:152][  0]LogTemp: Display: Loaded TP AndroidTargetPlatform
[2018.09.06-16.18.20:152][  0]LogTemp: Display: Loaded TP AndroidTargetPlatform
[2018.09.06-16.18.20:152][  0]LogTemp: Display: Loaded TP AndroidTargetPlatform
[2018.09.06-16.18.20:152][  0]LogTemp: Display: Loaded TP AndroidTargetPlatform
[2018.09.06-16.18.20:152][  0]LogTemp: Display: Loaded TP AndroidTargetPlatform
[2018.09.06-16.18.20:152][  0]LogTemp: Display: Loaded TP AndroidTargetPlatform
[2018.09.06-16.18.20:152][  0]LogTemp: Display: Loaded TP AndroidTargetPlatform
[2018.09.06-16.18.20:152][  0]LogTemp: Display: Loaded TP AndroidTargetPlatform
[2018.09.06-16.18.20:152][  0]LogTemp: Display: Loaded TP AndroidTargetPlatform
[2018.09.06-16.18.20:152][  0]LogTemp: Display: Loaded TP AndroidTargetPlatform
[2018.09.06-16.18.20:152][  0]LogTemp: Display: Loaded TP AndroidTargetPlatform
[2018.09.06-16.18.20:152][  0]LogTemp: Display: Loaded TP AndroidTargetPlatform
[2018.09.06-16.18.20:152][  0]LogTemp: Display: Loaded TP AndroidTargetPlatform
[2018.09.06-16.18.20:153][  0]LogTemp: Display: Loaded TP HTML5TargetPlatform
[2018.09.06-16.18.20:211][  0]LogTemp: Display: Loaded TP IOSTargetPlatform
[2018.09.06-16.18.20:211][  0]LogTemp: Display: Loaded TP IOSTargetPlatform
[2018.09.06-16.18.20:232][  0]LogTemp: Display: Loaded TP TVOSTargetPlatform
[2018.09.06-16.18.20:232][  0]LogTemp: Display: Loaded TP TVOSTargetPlatform
[2018.09.06-16.18.20:243][  0]LogTemp: Display: Loaded TP LinuxClientTargetPlatform
[2018.09.06-16.18.20:254][  0]LogTemp: Display: Loaded TP LinuxNoEditorTargetPlatform
[2018.09.06-16.18.20:266][  0]LogTemp: Display: Loaded TP LinuxServerTargetPlatform
[2018.09.06-16.18.20:278][  0]LogTemp: Display: Loaded TP LinuxTargetPlatform
[2018.09.06-16.18.20:286][  0]LogTemp: Display: Loaded TP LuminTargetPlatform
[2018.09.06-16.18.20:286][  0]LogTargetPlatformManager: Display: Building Assets For Windows
[2018.09.06-16.18.20:337][  0]LogXGEController: Cleaning working directory: C:/Users/u1148638/AppData/Local/Temp/UnrealXGEWorkingDir/
[2018.09.06-16.18.20:338][  0]LogXGEController: Cannot use XGE Controller as Incredibuild is not installed on this machine.
[2018.09.06-16.18.20:338][  0]LogShaderCompilers: Cannot use XGE Shader Compiler as Incredibuild is not installed on this machine.
[2018.09.06-16.18.20:338][  0]LogShaderCompilers: Display: Using Local Shader Compiler.
[2018.09.06-16.18.20:998][  0]LogDerivedDataCache: Display: Max Cache Size: 512 MB
[2018.09.06-16.18.21:049][  0]LogDerivedDataCache: Loaded boot cache 0.05s 71MB C:/Users/u1148638/AppData/Local/UnrealEngine/4.20/DerivedDataCache/Boot.ddc.
[2018.09.06-16.18.21:050][  0]LogDerivedDataCache: Display: Loaded Boot cache: C:/Users/u1148638/AppData/Local/UnrealEngine/4.20/DerivedDataCache/Boot.ddc
[2018.09.06-16.18.21:050][  0]LogDerivedDataCache: FDerivedDataBackendGraph:  Pak pak cache file ../../../../../../Users/u1148638/Documents/GitHub/ContainmentFacilityArchitect/CFA/DerivedDataCache/DDC.ddp not found, will not use a pak cache.
[2018.09.06-16.18.21:050][  0]LogDerivedDataCache: Unable to find inner node Pak for hierarchical cache Hierarchy.
[2018.09.06-16.18.21:050][  0]LogDerivedDataCache: FDerivedDataBackendGraph:  CompressedPak pak cache file ../../../../../../Users/u1148638/Documents/GitHub/ContainmentFacilityArchitect/CFA/DerivedDataCache/Compressed.ddp not found, will not use a pak cache.
[2018.09.06-16.18.21:050][  0]LogDerivedDataCache: Unable to find inner node CompressedPak for hierarchical cache Hierarchy.
[2018.09.06-16.18.21:062][  0]LogDerivedDataCache: Display: Pak cache opened for reading ../../../Engine/DerivedDataCache/Compressed.ddp.
[2018.09.06-16.18.21:075][  0]LogDerivedDataCache: Using Local data cache path C:/Users/u1148638/AppData/Local/UnrealEngine/Common/DerivedDataCache: Writable
[2018.09.06-16.18.21:075][  0]LogDerivedDataCache: Shared data cache path not found in *engine.ini, will not use an Shared cache.
[2018.09.06-16.18.21:075][  0]LogDerivedDataCache: Unable to find inner node Shared for hierarchical cache Hierarchy.
[2018.09.06-16.18.21:091][  0]LogMaterial: Verifying Global Shaders for PCD3D_SM5
[2018.09.06-16.18.21:093][  0]LogSlate: Using FreeType 2.6.0
[2018.09.06-16.18.21:093][  0]LogSlate: SlateFontServices - WITH_FREETYPE: 1, WITH_HARFBUZZ: 1
[2018.09.06-16.18.21:161][  0]LogAssetRegistry: FAssetRegistry took 0.0256 seconds to start up
[2018.09.06-16.18.21:444][  0]LogInit: Selected Device Profile: [Windows]
[2018.09.06-16.18.21:564][  0]LogSimplygon: Simplygon DLL not present - disabling.
[2018.09.06-16.18.21:567][  0]LogMeshReduction: Using SimplygonSwarm for distributed automatic mesh merging
[2018.09.06-16.18.21:567][  0]LogMeshReduction: Using ProxyLODMeshReduction for automatic mesh merging
[2018.09.06-16.18.21:567][  0]LogMeshReduction: Using QuadricMeshReduction for automatic static mesh reduction
[2018.09.06-16.18.21:567][  0]LogMeshReduction: No automatic skeletal mesh reduction module available
[2018.09.06-16.18.21:583][  0]LogNetVersion: CFA 1.0.0, NetCL: 4212847, EngineNetVer: 5, GameNetVer: 0 (Checksum: 2740977465)
[2018.09.06-16.18.22:060][  0]LogPackageLocalizationCache: Processed 11 localized package path(s) for 2 prioritized culture(s) in 0.085693 seconds
[2018.09.06-16.18.22:066][  0]LogUObjectArray: 38425 objects as part of root set at end of initial load.
[2018.09.06-16.18.22:066][  0]LogUObjectAllocator: 6690864 out of 0 bytes used by permanent object pool.
[2018.09.06-16.18.22:066][  0]LogUObjectArray: CloseDisregardForGC: 0/0 objects in disregard for GC pool
[2018.09.06-16.18.22:822][  0]LogTcpMessaging: Initializing TcpMessaging bridge
[2018.09.06-16.18.22:834][  0]LogUdpMessaging: Initializing bridge on interface 0.0.0.0:0 to multicast group 230.0.0.1:6666.
[2018.09.06-16.18.22:967][  0]SourceControl: Source control is disabled
[2018.09.06-16.18.22:967][  0]SourceControl: Source control is disabled
[2018.09.06-16.18.22:968][  0]SourceControl: Source control is disabled
[2018.09.06-16.18.22:969][  0]SourceControl: Source control is disabled
[2018.09.06-16.18.23:118][  0]LogAndroidPermission: UAndroidPermissionCallbackProxy::GetInstance
[2018.09.06-16.18.23:169][  0]LogOcInput: OculusInput pre-init called
[2018.09.06-16.18.23:224][  0]LogEngine: Initializing Engine...
[2018.09.06-16.18.23:225][  0]LogHMD: Failed to initialize OpenVR with code 110
[2018.09.06-16.18.23:226][  0]LogStats: UGameplayTagsManager::ConstructGameplayTagTree: ImportINI prefixes -  0.000 s
[2018.09.06-16.18.23:226][  0]LogStats: UGameplayTagsManager::ConstructGameplayTagTree: Construct from data asset -  0.000 s
[2018.09.06-16.18.23:227][  0]LogStats: UGameplayTagsManager::ConstructGameplayTagTree: ImportINI -  0.000 s
[2018.09.06-16.18.23:227][  0]LogStats: UGameplayTagsManager::ConstructGameplayTagTree: GameplayTagTreeChangedEvent.Broadcast -  0.000 s
[2018.09.06-16.18.23:414][  0]LogInit: Initializing FReadOnlyCVARCache
[2018.09.06-16.18.23:425][  0]LogAIModule: Creating AISystem for world Untitled
[2018.09.06-16.18.23:479][  0]LogInit: XAudio2 using 'DELL UZ2315H (NVIDIA High Definition Audio)' : 2 channels at 48 kHz using 16 bits per sample (channel mask 0x3)
[2018.09.06-16.18.23:498][  0]LogInit: FAudioDevice initialized.
[2018.09.06-16.18.23:498][  0]LogNetVersion: Set ProjectVersion to 1.0.0.0. Version Checksum will be recalculated on next use.
[2018.09.06-16.18.23:596][  0]LogDerivedDataCache: Saved boot cache 0.10s 71MB C:/Users/u1148638/AppData/Local/UnrealEngine/4.20/DerivedDataCache/Boot.ddc.
[2018.09.06-16.18.23:607][  0]LogInit: Texture streaming: Enabled
[2018.09.06-16.18.23:625][  0]LogEngineSessionManager: EngineSessionManager initialized
[2018.09.06-16.18.23:639][  0]LogInit: Transaction tracking system initialized
[2018.09.06-16.18.23:658][  0]BlueprintLog: New page: Editor Load
[2018.09.06-16.18.23:725][  0]LocalizationService: Localization service is disabled
[2018.09.06-16.18.23:944][  0]LogCook: Display: Max memory allowance for cook 16384mb min free memory 0mb
[2018.09.06-16.18.23:944][  0]LogCook: Display: Mobile HDR setting 1
[2018.09.06-16.18.23:944][  0]LogGameplayTags: Display: UGameplayTagsManager::DoneAddingNativeTags. DelegateIsBound: 0
[2018.09.06-16.18.23:944][  0]LogStats: UGameplayTagsManager::ConstructGameplayTagTree: ImportINI prefixes -  0.000 s
[2018.09.06-16.18.23:944][  0]LogStats: UGameplayTagsManager::ConstructGameplayTagTree: Construct from data asset -  0.000 s
[2018.09.06-16.18.23:944][  0]LogStats: UGameplayTagsManager::ConstructGameplayTagTree: ImportINI -  0.000 s
[2018.09.06-16.18.23:944][  0]LogStats: UGameplayTagsManager::ConstructGameplayTagTree: GameplayTagTreeChangedEvent.Broadcast -  0.000 s
[2018.09.06-16.18.24:048][  0]LogFileCache: Scanning file cache for directory 'C:/Users/u1148638/Documents/GitHub/ContainmentFacilityArchitect/CFA/Content/' took 0.01s
[2018.09.06-16.18.24:048][  0]SourceControl: Source control is disabled
[2018.09.06-16.18.24:132][  0]LogWindowsTextInputMethodSystem: Display: IME system now deactivated.
[2018.09.06-16.18.24:134][  0]LogSlate: Took 0.000203 seconds to synchronously load lazily loaded font '../../../Engine/Content/Slate/Fonts/Roboto-Regular.ttf' (155K)
[2018.09.06-16.18.30:348][  0]LogSlate: Window 'Restore Packages' being destroyed
[2018.09.06-16.18.30:348][  0]LogWindowsTextInputMethodSystem: Display: IME system now deactivated.
[2018.09.06-16.18.30:351][  0]LogWindowsTextInputMethodSystem: Display: IME system now deactivated.
[2018.09.06-16.18.30:356][  0]Cmd: MAP LOAD FILE="../../../../../../Users/u1148638/Documents/GitHub/ContainmentFacilityArchitect/CFA/Content/TopDownBP/Maps/TopDownExampleMap.umap" TEMPLATE=0 SHOWPROGRESS=1 FEATURELEVEL=3
[2018.09.06-16.18.30:356][  0]LightingResults: New page: Lighting Build
[2018.09.06-16.18.30:360][  0]MapCheck: New page: Map Check
[2018.09.06-16.18.30:360][  0]LightingResults: New page: Lighting Build
[2018.09.06-16.18.30:837][  0]LogAIModule: Creating AISystem for world TopDownExampleMap
[2018.09.06-16.18.30:844][  0]LogEditorServer: Finished looking for orphan Actors (0.000 secs)
[2018.09.06-16.18.30:870][  0]Cmd: MAP CHECKDEP NOCLEARLOG
[2018.09.06-16.18.30:938][  0]MapCheck: Map check complete: 0 Error(s), 0 Warning(s), took 68.365ms to complete.
[2018.09.06-16.18.30:938][  0]LogFileHelpers: Loading map 'TopDownExampleMap' took 0.583
[2018.09.06-16.18.30:983][  0]LogSlate: Updating window title bar state: overlay mode, drag disabled, window buttons hidden, title bar hidden
[2018.09.06-16.18.30:990][  0]LogSlate: Updating window title bar state: overlay mode, drag disabled, window buttons hidden, title bar hidden
[2018.09.06-16.18.30:998][  0]LogSlate: Updating window title bar state: overlay mode, drag disabled, window buttons hidden, title bar hidden
[2018.09.06-16.18.31:005][  0]LogSlate: Updating window title bar state: overlay mode, drag disabled, window buttons hidden, title bar hidden
[2018.09.06-16.18.31:011][  0]LogCollectionManager: Loaded 0 collections in 0.001722 seconds
[2018.09.06-16.18.31:055][  0]LogFileCache: Scanning file cache for directory 'C:/Users/u1148638/Documents/GitHub/ContainmentFacilityArchitect/CFA/Saved/Collections/' took 0.01s
[2018.09.06-16.18.31:055][  0]LogFileCache: Scanning file cache for directory 'C:/Users/u1148638/Documents/GitHub/ContainmentFacilityArchitect/CFA/Content/Developers/u1148638/Collections/' took 0.01s
[2018.09.06-16.18.31:055][  0]LogFileCache: Scanning file cache for directory 'C:/Users/u1148638/Documents/GitHub/ContainmentFacilityArchitect/CFA/Content/Collections/' took 0.01s
[2018.09.06-16.18.31:055][  0]LogCollectionManager: Rebuilt the GUID cache for 0 collections in 0.000000 seconds
[2018.09.06-16.18.31:064][  0]LogContentBrowser: Native class hierarchy populated in 0.0085 seconds. Added 2572 classes and 603 folders.
[2018.09.06-16.18.31:069][  0]LogContentBrowser: Native class hierarchy updated for 'WidgetCarousel' in 0.0002 seconds. Added 0 classes and 0 folders.
[2018.09.06-16.18.31:111][  0]LogContentBrowser: Native class hierarchy updated for 'AddContentDialog' in 0.0002 seconds. Added 0 classes and 0 folders.
[2018.09.06-16.18.31:116][  0]LogContentBrowser: Native class hierarchy updated for 'SceneOutliner' in 0.0002 seconds. Added 1 classes and 2 folders.
[2018.09.06-16.18.31:128][  0]LogSlate: Took 0.000177 seconds to synchronously load lazily loaded font '../../../Engine/Content/Slate/Fonts/Roboto-Bold.ttf' (160K)
[2018.09.06-16.18.31:134][  0]LogSlate: Took 0.000193 seconds to synchronously load lazily loaded font '../../../Engine/Content/Editor/Slate/Fonts/FontAwesome.ttf' (139K)
[2018.09.06-16.18.31:178][  0]LogRenderer: Reallocating scene render targets to support 1208x576 Format 10 NumSamples 1 (Frame:1).
[2018.09.06-16.18.31:257][  0]LogSlate: FSceneViewport::OnFocusLost() reason 2
[2018.09.06-16.18.31:269][  0]LogSlate: Window 'Tutorials' being destroyed
[2018.09.06-16.18.31:299][  0]LogContentBrowser: Native class hierarchy updated for 'HierarchicalLODOutliner' in 0.0003 seconds. Added 0 classes and 0 folders.
[2018.09.06-16.18.31:299][  0]LogLoad: (Engine Initialization) Total time: 13.86 seconds
[2018.09.06-16.18.31:299][  0]LogLoad: (Engine Initialization) Total Blueprint compile time: 0.00 seconds
[2018.09.06-16.18.31:330][  0]LogContentStreaming: Texture pool size now 3000 MB
[2018.09.06-16.18.31:344][  0]LogSlate: Took 0.000186 seconds to synchronously load lazily loaded font '../../../Engine/Content/Slate/Fonts/Roboto-Light.ttf' (167K)
[2018.09.06-16.18.31:360][  1]LogAssetRegistry: Asset discovery search completed in 10.2210 seconds
[2018.09.06-16.18.31:362][  1]LogCollectionManager: Rebuilt the object cache for 0 collections in 0.000000 seconds (found 0 objects)
[2018.09.06-16.18.31:362][  1]LogCollectionManager: Fixed up redirectors for 0 collections in 0.000058 seconds (updated 0 objects)
[2018.09.06-16.18.32:327][105]LogSlate: Took 0.000183 seconds to synchronously load lazily loaded font '../../../Engine/Content/Slate/Fonts/Roboto-Light.ttf' (167K)
[2018.09.06-16.18.40:485][ 84]LogSlate: FSceneViewport::OnFocusLost() reason 0
[2018.09.06-16.18.45:538][681]LogSlate: FSceneViewport::OnFocusLost() reason 2
[2018.09.06-16.18.52:193][452]Cmd: TRANSACTION UNDO
[2018.09.06-16.18.52:193][452]LogEditorTransaction: Undo Move Actors
[2018.09.06-16.19.08:795][426]LogSlate: FSceneViewport::OnFocusLost() reason 0
[2018.09.06-16.19.38:220][930]MapCheck: New page: Map Check
[2018.09.06-16.19.38:237][930]LightingResults: New page: Lighting Build - Sep 6, 2018, 4:19:38 AM
[2018.09.06-16.19.38:327][930]LogSwarmInterface: [OpenConnection] Registering TCP channel ...
[2018.09.06-16.19.38:440][930]LogSwarmInterface: [OpenConnection] Connecting to agent ...
[2018.09.06-16.19.38:462][930]LogSwarmInterface: [TryOpenConnection] Testing the Agent
[2018.09.06-16.19.39:504][930]LogSwarmInterface: [TryOpenConnection] Opening Connection to Agent
[2018.09.06-16.19.39:504][930]LogSwarmInterface: [TryOpenConnection] Local Process ID is 19132
[2018.09.06-16.19.42:067][930]LogStaticLightingSystem: Running Lightmass w/ ImmediateImport mode ENABLED
[2018.09.06-16.19.42:067][930]LogStaticLightingSystem: Running Lightmass w/ ImmediateProcess mode ENABLED
[2018.09.06-16.19.42:067][930]LogStaticLightingSystem: Running Lightmass w/ Sorting mode ENABLED
[2018.09.06-16.19.42:067][930]LogStaticLightingSystem: Running Lightmass w/ Mapping paddings ENABLED
[2018.09.06-16.19.42:067][930]LogStaticLightingSystem: Running Lightmass w/ Mapping debug paddings DISABLED
[2018.09.06-16.19.42:254][930]LogEditorBuildUtils: Build time 0:04
[2018.09.06-16.19.42:263][930]LogMaterial: Display: Missing cached shader map for material FLightmassMaterialRenderer MaterialInstanceDynamic_0, compiling. 
[2018.09.06-16.19.42:281][930]LogMaterial: Display: Missing cached shader map for material FLightmassMaterialRenderer MaterialInstanceDynamic_0, compiling. 
[2018.09.06-16.19.42:294][930]LogShaderCompilers: Display: Shaders left to compile 2
[2018.09.06-16.19.42:303][931]LogMaterial: Display: Missing cached shader map for material FLightmassMaterialRenderer CubeMaterial, compiling. 
[2018.09.06-16.19.42:309][931]LogMaterial: Display: Missing cached shader map for material FLightmassMaterialRenderer CubeMaterial, compiling. 
[2018.09.06-16.19.42:327][932]LogShaderCompilers: Display: Shaders left to compile 6
[2018.09.06-16.19.42:328][932]LogMaterial: Display: Missing cached shader map for material FLightmassMaterialRenderer WorldGridMaterial, compiling. Is special engine material.
[2018.09.06-16.19.42:336][932]LogShaderCompilers: Display: Shaders left to compile 2
[2018.09.06-16.19.42:336][932]LogMaterial: Display: Missing cached shader map for material FLightmassMaterialRenderer WorldGridMaterial, compiling. Is special engine material.
[2018.09.06-16.19.42:348][932]LogShaderCompilers: Display: Shaders left to compile 2
[2018.09.06-16.19.48:702][277]Job is a success!
[2018.09.06-16.19.48:752][278]LogVolumetricLightmapImport: Imported Volumetric Lightmap in 0.011s
[2018.09.06-16.19.48:752][278]LogVolumetricLightmapImport:      Indirection Texture 16x16x16 = 0.0Mb
[2018.09.06-16.19.48:752][278]LogVolumetricLightmapImport:      BrickData 175x5x5 = 0.2Mb
[2018.09.06-16.19.48:752][278]LogVolumetricLightmapImport:      Bricks at Level
[2018.09.06-16.19.48:752][278]LogVolumetricLightmapImport:          0: 2.9% covering 100.0% of volume
[2018.09.06-16.19.48:752][278]LogVolumetricLightmapImport:          1: 11.4% covering 6.3% of volume
[2018.09.06-16.19.48:752][278]LogVolumetricLightmapImport:          2: 85.7% covering 0.7% of volume
[2018.09.06-16.19.49:142][278]LogTexture: Display: Building textures: SkyOcclusion0_1 (AutoDXT, 1024X512)
[2018.09.06-16.19.49:142][278]LogTexture: Display: Building textures: HQ_Lightmap0_1 (AutoDXT, 1024X1024)
[2018.09.06-16.19.49:142][278]LogTexture: Display: Building textures: LQ_Lightmap_0_1 (DXT1, 1024X1024)
[2018.09.06-16.19.49:142][278]LogTexture: Display: Building textures: SkyOcclusion0_2 (AutoDXT, 512X256)
[2018.09.06-16.19.49:142][278]LogTexture: Display: Building textures: HQ_Lightmap0_2 (AutoDXT, 512X512)
[2018.09.06-16.19.49:142][278]LogTexture: Display: Building textures: LQ_Lightmap_0_2 (DXT1, 512X512)
[2018.09.06-16.19.49:142][278]LogTexture: Display: Building textures: SkyOcclusion0_3 (AutoDXT, 64X32)
[2018.09.06-16.19.49:142][278]LogTexture: Display: Building textures: HQ_Lightmap0_3 (AutoDXT, 64X64)
[2018.09.06-16.19.49:142][278]LogTexture: Display: Building textures: LQ_Lightmap_0_3 (DXT1, 64X64)
[2018.09.06-16.19.49:342][278]LogTexture: Display: Building textures: ShadowMapTexture2D_1 (G8, 32X32)
[2018.09.06-16.19.49:377][278]LogTexture: Display: Building textures: ShadowMapTexture2D_0 (G8, 1024X1024)
[2018.09.06-16.19.49:414][278]Lightmass on eae-d-054: 4.26 sec total, 140 ms importing, 21 ms setup, 1.15 sec photons, 2.89 sec processing, 0 ms extra exporting [25/25 mappings]. Threads: 20.0 sec total, 8.74 sec processing.
[2018.09.06-16.19.49:447][278]LogStaticLightingSystem: Illumination: 11.1 sec (357 ms encoding lightmaps, 227 ms encoding shadowmaps)
[2018.09.06-16.19.49:447][278]LogStaticLightingSystem: Lightmap texture memory:  3.3 MB (3.3 MB streaming, 0.0 MB non-streaming), 6 textures
[2018.09.06-16.19.49:447][278]LogStaticLightingSystem: Shadowmap texture memory: 1.3 MB (1.3 MB streaming, 0.0 MB non-streaming), 2 textures
[2018.09.06-16.19.50:078][278]DumpUnbuiltLightIteractions
[2018.09.06-16.19.50:078][278]Lights with unbuilt interactions: 0
[2018.09.06-16.19.50:078][278]
[2018.09.06-16.19.50:078][278]Primitives with unbuilt interactions: 0
[2018.09.06-16.19.50:138][279]Cmd: MAP CHECK NOTIFYRESULTS
[2018.09.06-16.19.50:139][279]MapCheck: New page: TopDownExampleMap - Sep 6, 2018, 4:19:50 AM
[2018.09.06-16.19.50:202][279]MapCheck: Map check complete: 0 Error(s), 0 Warning(s), took 62.96ms to complete.
[2018.09.06-16.25.56:550][832]LogEditorViewport: Clicking on Actor (LMB): StaticMeshActor (Floor)
[2018.09.06-16.25.59:125][130]LogSlate: FSceneViewport::OnFocusLost() reason 0
[2018.09.06-16.27.00:003][ 91]LogEditorViewport: Clicking on Actor (LMB): StaticMeshActor (Floor)
[2018.09.06-16.27.02:829][423]LogEditorViewport: Clicking on Actor (LMB): BP_Sky_Sphere_C (SkySphereBlueprint)
[2018.09.06-16.27.04:738][644]LogSlate: FSceneViewport::OnFocusLost() reason 0
[2018.09.06-16.27.06:096][803]Cmd: TRANSACTION UNDO
[2018.09.06-16.27.06:096][803]LogEditorTransaction: Undo Clicking on Actors
[2018.09.06-16.27.06:298][822]Cmd: TRANSACTION UNDO
[2018.09.06-16.27.06:298][822]LogEditorTransaction: Undo Clicking on Actors
[2018.09.06-16.27.09:511][198]LogSlate: Took 0.000266 seconds to synchronously load lazily loaded font '../../../Engine/Content/Slate/Fonts/Roboto-Italic.ttf' (157K)
[2018.09.06-16.27.11:600][447]Cmd: TRANSACTION UNDO
[2018.09.06-16.27.11:600][447]LogEditorTransaction: Undo Clicking on Actors
[2018.09.06-16.27.12:143][506]Cmd: TRANSACTION UNDO
[2018.09.06-16.27.12:143][506]LogEditorTransaction: Undo Scale Actors
[2018.09.06-16.27.13:308][645]Cmd: TRANSACTION UNDO
[2018.09.06-16.27.13:308][645]LogEditorTransaction: Undo Move Actors
[2018.09.06-16.27.39:826][815]Cmd: TRANSACTION UNDO
[2018.09.06-16.27.39:826][815]LogEditorTransaction: Undo Clicking on Actors
[2018.09.06-16.27.40:391][875]Cmd: TRANSACTION UNDO
[2018.09.06-16.27.40:391][875]LogEditorTransaction: Undo Rename Actor
[2018.09.06-16.28.20:479][159]LogSlate: Window 'Pick Parent Class' being destroyed
[2018.09.06-16.28.36:689][933]LogSlate: Window 'Pick Parent Class' being destroyed
[2018.09.06-16.29.18:960][282]LogAssetEditorManager: Opening Asset editor for Blueprint /Game/AI/Monster.Monster
[2018.09.06-16.29.19:346][282]LogContentBrowser: Native class hierarchy updated for 'BlueprintGraph' in 0.0006 seconds. Added 116 classes and 0 folders.
[2018.09.06-16.29.20:180][282]LogRenderer: Reallocating scene render targets to support 1208x900 Format 10 NumSamples 1 (Frame:1).
[2018.09.06-16.30.07:367][107]LogSlate: FSceneViewport::OnFocusLost() reason 2
[2018.09.06-16.30.07:375][107]LogSlate: Prevented a slow task dialog from being summoned while a context menu was open
[2018.09.06-16.30.18:415][ 64]LogSlate: FSceneViewport::OnFocusLost() reason 0
[2018.09.06-16.30.50:723][808]LogSlate: FSceneViewport::OnFocusLost() reason 0
[2018.09.06-16.31.00:241][574]LogSlate: FSceneViewport::OnFocusLost() reason 0
[2018.09.06-16.33.04:743][710]BlueprintLog: New page: Compile Monster
[2018.09.06-16.33.05:491][753]Cmd: OBJ SAVEPACKAGE PACKAGE="/Game/AI/Monster" FILE="../../../../../../Users/u1148638/Documents/GitHub/ContainmentFacilityArchitect/CFA/Content/AI/Monster.uasset" SILENT=true
[2018.09.06-16.33.05:517][753]LogSavePackage: Moving '../../../../../../Users/u1148638/Documents/GitHub/ContainmentFacilityArchitect/CFA/Saved/Monster87699BF14F8106C3661F59816C99A9AE.tmp' to '../../../../../../Users/u1148638/Documents/GitHub/ContainmentFacilityArchitect/CFA/Content/AI/Monster.uasset'
[2018.09.06-16.33.12:649][ 84]LogSlate: Window 'Monster' being destroyed
[2018.09.06-16.33.12:652][ 84]LogSlate: Window 'Monster' being destroyed
[2018.09.06-16.33.13:865][219]LogAssetEditorManager: Opening Asset editor for BlackboardData /Game/AI/AIBlackboard.AIBlackboard
[2018.09.06-16.33.21:717][144]LogSlate: Prevented a slow task dialog from being summoned while a context menu was open
[2018.09.06-16.34.05:074][287]Cmd: OBJ SAVEPACKAGE PACKAGE="/Game/AI/AIBlackboard" FILE="../../../../../../Users/u1148638/Documents/GitHub/ContainmentFacilityArchitect/CFA/Content/AI/AIBlackboard.uasset" SILENT=true
[2018.09.06-16.34.05:081][287]LogSavePackage: Moving '../../../../../../Users/u1148638/Documents/GitHub/ContainmentFacilityArchitect/CFA/Saved/AIBlackboard51D36CDD47C9B134473CB99C7A7D807E.tmp' to '../../../../../../Users/u1148638/Documents/GitHub/ContainmentFacilityArchitect/CFA/Content/AI/AIBlackboard.uasset'
[2018.09.06-16.34.10:024][596]LogSlate: Window 'AIBlackboard' being destroyed
[2018.09.06-16.34.10:029][596]LogSlate: Window 'AIBlackboard' being destroyed
[2018.09.06-16.34.11:165][729]LogAssetEditorManager: Opening Asset editor for Blueprint /Game/AI/MonsterAIController.MonsterAIController
[2018.09.06-16.34.15:469][ 92]LogSlate: Took 0.003774 seconds to synchronously load lazily loaded font '../../../Engine/Content/Slate/Fonts/Roboto-BoldCondensed.ttf' (158K)
[2018.09.06-16.35.25:149][164]LogSavePackage: Moving '../../../../../../Users/u1148638/Documents/GitHub/ContainmentFacilityArchitect/CFA/Saved/TopDownExampleMap_Auto1C9CF1D714AF298C1D50AB694742C9AB1.tmp' to '../../../../../../Users/u1148638/Documents/GitHub/ContainmentFacilityArchitect/CFA/Saved/Autosaves/Game/TopDownBP/Maps/TopDownExampleMap_Auto1.umap'
[2018.09.06-16.35.25:156][164]LogFileHelpers: Editor autosave (incl. sublevels) for '/Game/TopDownBP/Maps/TopDownExampleMap' took 0.279
[2018.09.06-16.35.25:156][164]LogFileHelpers: Editor autosave (incl. sublevels) for all levels took 0.279
[2018.09.06-16.35.25:159][164]OBJ SavePackage: Generating thumbnails for [0] asset(s) in package [/Game/TopDownBP/Maps/TopDownExampleMap_BuiltData] ([1] browsable assets)...
[2018.09.06-16.35.25:159][164]OBJ SavePackage: Finished generating thumbnails for package [/Game/TopDownBP/Maps/TopDownExampleMap_BuiltData]
[2018.09.06-16.35.25:177][164]LogSavePackage: Moving '../../../../../../Users/u1148638/Documents/GitHub/ContainmentFacilityArchitect/CFA/Saved/TopDownExampleMap_BuiltData_Auto0FDDE227492C48994EB589BFFA95D9FD.tmp' to '../../../../../../Users/u1148638/Documents/GitHub/ContainmentFacilityArchitect/CFA/Saved/Autosaves/Game/TopDownBP/Maps/TopDownExampleMap_BuiltData_Auto1.uasset'
[2018.09.06-16.35.25:180][164]OBJ SavePackage: Generating thumbnails for [0] asset(s) in package [/Game/AI/MonsterAIController] ([1] browsable assets)...
[2018.09.06-16.35.25:180][164]OBJ SavePackage: Finished generating thumbnails for package [/Game/AI/MonsterAIController]
[2018.09.06-16.35.25:192][164]LogSavePackage: Moving '../../../../../../Users/u1148638/Documents/GitHub/ContainmentFacilityArchitect/CFA/Saved/MonsterAIController_Auto1BE4A732D4F184515C222EE9F0DCA7D1B.tmp' to '../../../../../../Users/u1148638/Documents/GitHub/ContainmentFacilityArchitect/CFA/Saved/Autosaves/Game/AI/MonsterAIController_Auto1.uasset'
[2018.09.06-16.35.25:193][164]OBJ SavePackage: Generating thumbnails for [0] asset(s) in package [/Game/AI/AiBehavior] ([1] browsable assets)...
[2018.09.06-16.35.25:193][164]OBJ SavePackage: Finished generating thumbnails for package [/Game/AI/AiBehavior]
[2018.09.06-16.35.25:199][164]LogSavePackage: Moving '../../../../../../Users/u1148638/Documents/GitHub/ContainmentFacilityArchitect/CFA/Saved/AiBehavior_Auto1E11589BD4410B6D7CFD47E99648A58BA.tmp' to '../../../../../../Users/u1148638/Documents/GitHub/ContainmentFacilityArchitect/CFA/Saved/Autosaves/Game/AI/AiBehavior_Auto1.uasset'
[2018.09.06-16.35.25:200][164]LogFileHelpers: Auto-saving content packages took 0.043
[2018.09.06-16.36.17:466][259]BlueprintLog: New page: Compile MonsterAIController
[2018.09.06-16.36.36:646][914]BlueprintLog: New page: Compile MonsterAIController
[2018.09.06-16.36.37:028][934]BlueprintLog: New page: Compile MonsterAIController
[2018.09.06-16.37.19:790][363]BlueprintLog: New page: Compile MonsterAIController
[2018.09.06-16.37.20:404][409]Cmd: OBJ SAVEPACKAGE PACKAGE="/Game/AI/MonsterAIController" FILE="../../../../../../Users/u1148638/Documents/GitHub/ContainmentFacilityArchitect/CFA/Content/AI/MonsterAIController.uasset" SILENT=true
[2018.09.06-16.37.20:422][409]LogSavePackage: Moving '../../../../../../Users/u1148638/Documents/GitHub/ContainmentFacilityArchitect/CFA/Saved/MonsterAIController90EC5EF44EE8C46FAC247B8CC44E0A1C.tmp' to '../../../../../../Users/u1148638/Documents/GitHub/ContainmentFacilityArchitect/CFA/Content/AI/MonsterAIController.uasset'
[2018.09.06-16.37.20:510][417]LogPackageName: SearchForPackageOnDisk took   0.000s to resolve /Game/AI/MonsterAIController.
[2018.09.06-16.37.33:293][141]LogEditorViewport: Clicking on Actor (context menu): Monster_C (Monster)
[2018.09.06-16.37.33:320][141]LogSlate: FSceneViewport::OnFocusLost() reason 2
[2018.09.06-16.37.41:057][717]LogSlate: FSceneViewport::OnFocusLost() reason 0
[2018.09.06-16.37.41:126][723]LogTemp: Repeating last play command: Selected Viewport
[2018.09.06-16.37.41:145][723]LogBlueprintUserMessages: Early PlayInEditor Detection: Level '/Game/TopDownBP/Maps/TopDownExampleMap.TopDownExampleMap:PersistentLevel' has LevelScriptBlueprint '/Game/TopDownBP/Maps/TopDownExampleMap.TopDownExampleMap:PersistentLevel.TopDownExampleMap' with GeneratedClass '/Game/TopDownBP/Maps/TopDownExampleMap.TopDownExampleMap_C' with ClassGeneratedBy '/Game/TopDownBP/Maps/TopDownExampleMap.TopDownExampleMap:PersistentLevel.TopDownExampleMap'
[2018.09.06-16.37.41:145][723]LogPlayLevel: PlayLevel: No blueprints needed recompiling
[2018.09.06-16.37.41:158][723]PIE: New page: PIE session: TopDownExampleMap (Sep 6, 2018, 4:37:41 AM)
[2018.09.06-16.37.41:158][723]LogPlayLevel: Creating play world package: /Game/TopDownBP/Maps/UEDPIE_0_TopDownExampleMap
[2018.09.06-16.37.41:175][723]LogPlayLevel: PIE: StaticDuplicateObject took: (0.016990s)
[2018.09.06-16.37.41:176][723]LogAIModule: Creating AISystem for world TopDownExampleMap
[2018.09.06-16.37.41:176][723]LogPlayLevel: PIE: World Init took: (0.000687s)
[2018.09.06-16.37.41:176][723]LogPlayLevel: PIE: Created PIE world by copying editor world from /Game/TopDownBP/Maps/TopDownExampleMap.TopDownExampleMap to /Game/TopDownBP/Maps/UEDPIE_0_TopDownExampleMap.TopDownExampleMap (0.017829s)
[2018.09.06-16.37.41:213][723]LogInit: XAudio2 using 'DELL UZ2315H (NVIDIA High Definition Audio)' : 2 channels at 48 kHz using 16 bits per sample (channel mask 0x3)
[2018.09.06-16.37.41:223][723]LogInit: FAudioDevice initialized.
[2018.09.06-16.37.41:264][723]LogLoad: Game class is 'TopDownGameMode_C'
[2018.09.06-16.37.41:267][723]LogWorld: Bringing World /Game/TopDownBP/Maps/UEDPIE_0_TopDownExampleMap.TopDownExampleMap up for play (max tick rate 0) at 2018.09.06-10.37.41
[2018.09.06-16.37.41:269][723]LogWorld: Bringing up level for play took: 0.003274
[2018.09.06-16.37.41:335][723]LogContentBrowser: Native class hierarchy updated for 'MovieSceneCapture' in 0.0003 seconds. Added 10 classes and 0 folders.
[2018.09.06-16.37.41:339][723]LogLevel: Warning: EnableInput on a LevelScript actor can not be specified for only one PlayerController.  Enabling for all PlayerControllers.
[2018.09.06-16.37.41:339][723]PIE: Play in editor start time for /Game/TopDownBP/Maps/UEDPIE_0_TopDownExampleMap -0.186
[2018.09.06-16.37.41:339][723]LogBlueprintUserMessages: Late PlayInEditor Detection: Level '/Game/TopDownBP/Maps/TopDownExampleMap.TopDownExampleMap:PersistentLevel' has LevelScriptBlueprint '/Game/TopDownBP/Maps/TopDownExampleMap.TopDownExampleMap:PersistentLevel.TopDownExampleMap' with GeneratedClass '/Game/TopDownBP/Maps/TopDownExampleMap.TopDownExampleMap_C' with ClassGeneratedBy '/Game/TopDownBP/Maps/TopDownExampleMap.TopDownExampleMap:PersistentLevel.TopDownExampleMap'
[2018.09.06-16.37.43:048][916]LogBlueprintUserMessages: Early EndPlayMap Detection: Level '/Game/TopDownBP/Maps/TopDownExampleMap.TopDownExampleMap:PersistentLevel' has LevelScriptBlueprint '/Game/TopDownBP/Maps/TopDownExampleMap.TopDownExampleMap:PersistentLevel.TopDownExampleMap' with GeneratedClass '/Game/TopDownBP/Maps/TopDownExampleMap.TopDownExampleMap_C' with ClassGeneratedBy '/Game/TopDownBP/Maps/TopDownExampleMap.TopDownExampleMap:PersistentLevel.TopDownExampleMap'
[2018.09.06-16.37.43:048][916]LogSlate: Updating window title bar state: overlay mode, drag disabled, window buttons hidden, title bar hidden
[2018.09.06-16.37.43:081][916]LogPlayLevel: Display: Shutting down PIE online subsystems
[2018.09.06-16.37.43:081][916]LogBlueprintUserMessages: Late EndPlayMap Detection: Level '/Game/TopDownBP/Maps/TopDownExampleMap.TopDownExampleMap:PersistentLevel' has LevelScriptBlueprint '/Game/TopDownBP/Maps/TopDownExampleMap.TopDownExampleMap:PersistentLevel.TopDownExampleMap' with GeneratedClass '/Game/TopDownBP/Maps/TopDownExampleMap.TopDownExampleMap_C' with ClassGeneratedBy '/Game/TopDownBP/Maps/TopDownExampleMap.TopDownExampleMap:PersistentLevel.TopDownExampleMap'
[2018.09.06-16.37.43:109][916]LogSlate: Updating window title bar state: overlay mode, drag disabled, window buttons hidden, title bar hidden
[2018.09.06-16.37.43:148][919]LogPlayLevel: Display: Destroying online subsystem :Context_7
[2018.09.06-16.37.56:803][486]LogAssetEditorManager: Opening Asset editor for BehaviorTree /Game/AI/AiBehavior.AiBehavior
[2018.09.06-16.38.05:542][190]LogSlate: Window 'AiBehavior*' being destroyed
[2018.09.06-16.38.05:544][190]LogSlate: Window 'AiBehavior*' being destroyed
[2018.09.06-16.38.06:132][204]LogSlate: FSceneViewport::OnFocusLost() reason 0
[2018.09.06-16.38.06:849][289]LogAssetEditorManager: Opening Asset editor for BehaviorTree /Game/AI/AiBehavior.AiBehavior
[2018.09.06-16.38.16:192][250]LogAssetEditorManager: Opening Asset editor for Blueprint /Game/AI/MonsterAIController.MonsterAIController
[2018.09.06-16.38.36:767][244]LogSlate: Window 'MonsterAIController' being destroyed
[2018.09.06-16.38.36:769][244]LogSlate: Window 'MonsterAIController' being destroyed
[2018.09.06-16.38.52:291][802]LogSlate: Window 'Save Content' being destroyed
[2018.09.06-16.38.52:311][802]Cmd: OBJ SAVEPACKAGE PACKAGE="/Game/AI/AiBehavior" FILE="../../../../../../Users/u1148638/Documents/GitHub/ContainmentFacilityArchitect/CFA/Content/AI/AiBehavior.uasset" SILENT=true
[2018.09.06-16.38.52:318][802]LogSavePackage: Moving '../../../../../../Users/u1148638/Documents/GitHub/ContainmentFacilityArchitect/CFA/Saved/AiBehaviorF18D317344564836BD03C8ADA6B3E52F.tmp' to '../../../../../../Users/u1148638/Documents/GitHub/ContainmentFacilityArchitect/CFA/Content/AI/AiBehavior.uasset'
[2018.09.06-16.38.54:084][802]LogSavePackage: Moving '../../../../../../Users/u1148638/Documents/GitHub/ContainmentFacilityArchitect/CFA/Saved/TopDownExampleMapD3CDB82145231498C24211B5BC5BB94B.tmp' to '../../../../../../Users/u1148638/Documents/GitHub/ContainmentFacilityArchitect/CFA/Content/TopDownBP/Maps/TopDownExampleMap.umap'
[2018.09.06-16.38.54:114][802]LogFileHelpers: Saving map 'TopDownExampleMap' took 1.789
[2018.09.06-16.38.54:222][802]LogSavePackage: Moving '../../../../../../Users/u1148638/Documents/GitHub/ContainmentFacilityArchitect/CFA/Saved/TopDownExampleMap_BuiltData6E9FD4374E4DCDD1686EE78DC2DBAB83.tmp' to '../../../../../../Users/u1148638/Documents/GitHub/ContainmentFacilityArchitect/CFA/Content/TopDownBP/Maps/TopDownExampleMap_BuiltData.uasset'
[2018.09.06-16.38.54:294][802]LogSlate: Window 'CFA - Unreal Editor' being destroyed
[2018.09.06-16.38.54:471][803]Cmd: QUIT_EDITOR
[2018.09.06-16.38.54:694][803]LogWindowsTextInputMethodSystem: Display: IME system now deactivated.
[2018.09.06-16.38.54:711][803]LogExit: Preparing to exit.
[2018.09.06-16.38.55:670][803]LogExit: Editor shut down
[2018.09.06-16.38.55:671][803]LogExit: Transaction tracking system shut down
[2018.09.06-16.38.56:303][803]LogExit: Object subsystem successfully closed.
[2018.09.06-16.38.56:328][803]LogShaderCompilers: Display: Shaders left to compile 0
[2018.09.06-16.38.56:333][803]LogD3D11RHI: Shutdown
[2018.09.06-16.38.56:333][803]LogD3D11RHI: CleanupD3DDevice
[2018.09.06-16.38.56:336][803]LogD3D11RHI: ~FD3D11DynamicRHI
[2018.09.06-16.38.56:352][803]LogModuleManager: Shutting down and abandoning module MovieSceneCapture (616)
[2018.09.06-16.38.56:352][803]LogModuleManager: Shutting down and abandoning module Voice (614)
[2018.09.06-16.38.56:352][803]LogModuleManager: Shutting down and abandoning module BlueprintGraph (612)
[2018.09.06-16.38.56:352][803]LogModuleManager: Shutting down and abandoning module HierarchicalLODOutliner (610)
[2018.09.06-16.38.56:352][803]LogModuleManager: Shutting down and abandoning module SceneOutliner (608)
[2018.09.06-16.38.56:352][803]LogModuleManager: Shutting down and abandoning module AddContentDialog (606)
[2018.09.06-16.38.56:354][803]LogModuleManager: Shutting down and abandoning module WidgetCarousel (605)
[2018.09.06-16.38.56:354][803]LogModuleManager: Shutting down and abandoning module EditorWidgets (602)
[2018.09.06-16.38.56:354][803]LogModuleManager: Shutting down and abandoning module CollectionManager (600)
[2018.09.06-16.38.56:355][803]LogModuleManager: Shutting down and abandoning module StatsViewer (598)
[2018.09.06-16.38.56:355][803]LogModuleManager: Shutting down and abandoning module FoliageEdit (596)
[2018.09.06-16.38.56:355][803]LogModuleManager: Shutting down and abandoning module LandscapeEditor (594)
[2018.09.06-16.38.56:355][803]LogModuleManager: Shutting down and abandoning module MeshPaintMode (592)
[2018.09.06-16.38.56:355][803]LogModuleManager: Shutting down and abandoning module SceneDepthPickerMode (590)
[2018.09.06-16.38.56:355][803]LogModuleManager: Shutting down and abandoning module ActorPickerMode (588)
[2018.09.06-16.38.56:355][803]LogModuleManager: Shutting down and abandoning module GeometryMode (586)
[2018.09.06-16.38.56:355][803]LogModuleManager: Shutting down and abandoning module TextureAlignMode (584)
[2018.09.06-16.38.56:355][803]LogModuleManager: Shutting down and abandoning module BspMode (582)
[2018.09.06-16.38.56:355][803]LogModuleManager: Shutting down and abandoning module PIEPreviewDeviceProfileSelector (580)
[2018.09.06-16.38.56:355][803]LogModuleManager: Shutting down and abandoning module SequenceRecorderSections (578)
[2018.09.06-16.38.56:355][803]LogModuleManager: Shutting down and abandoning module AutomationWorker (576)
[2018.09.06-16.38.56:355][803]LogModuleManager: Shutting down and abandoning module AudioCaptureEditor (574)
[2018.09.06-16.38.56:355][803]LogModuleManager: Shutting down and abandoning module SequenceRecorder (573)
[2018.09.06-16.38.56:355][803]LogModuleManager: Shutting down and abandoning module MatineeToLevelSequence (570)
[2018.09.06-16.38.56:355][803]LogModuleManager: Shutting down and abandoning module LevelSequenceEditor (568)
[2018.09.06-16.38.56:355][803]LogModuleManager: Shutting down and abandoning module PlacementMode (567)
[2018.09.06-16.38.56:355][803]LogModuleManager: Shutting down and abandoning module MaterialEditor (566)
[2018.09.06-16.38.56:355][803]LogModuleManager: Shutting down and abandoning module WmfMediaFactory (562)
[2018.09.06-16.38.56:355][803]LogModuleManager: Shutting down and abandoning module WmfMediaEditor (560)
[2018.09.06-16.38.56:355][803]LogModuleManager: Shutting down and abandoning module MediaPlayerEditor (558)
[2018.09.06-16.38.56:355][803]LogModuleManager: Shutting down and abandoning module OpenExrWrapper (556)
[2018.09.06-16.38.56:356][803]LogModuleManager: Shutting down and abandoning module ImgMediaFactory (554)
[2018.09.06-16.38.56:356][803]LogModuleManager: Shutting down and abandoning module ImgMediaEditor (552)
[2018.09.06-16.38.56:356][803]LogModuleManager: Shutting down and abandoning module AvfMediaFactory (550)
[2018.09.06-16.38.56:356][803]LogModuleManager: Shutting down and abandoning module AvfMediaEditor (548)
[2018.09.06-16.38.56:356][803]LogModuleManager: Shutting down and abandoning module AndroidMediaFactory (546)
[2018.09.06-16.38.56:356][803]LogModuleManager: Shutting down and abandoning module AndroidMediaEditor (544)
[2018.09.06-16.38.56:356][803]LogModuleManager: Shutting down and abandoning module MagicLeapCameraPreviewFactory (542)
[2018.09.06-16.38.56:356][803]LogModuleManager: Shutting down and abandoning module MagicLeapMediaFactory (540)
[2018.09.06-16.38.56:356][803]LogModuleManager: Shutting down and abandoning module MagicLeapMediaEditor (538)
[2018.09.06-16.38.56:356][803]LogModuleManager: Shutting down and abandoning module CharacterAI (536)
[2018.09.06-16.38.56:356][803]LogModuleManager: Shutting down and abandoning module SmartSnapping (534)
[2018.09.06-16.38.56:356][803]LogModuleManager: Shutting down and abandoning module SessionServices (532)
[2018.09.06-16.38.56:356][803]LogModuleManager: Shutting down and abandoning module ViewportSnapping (530)
[2018.09.06-16.38.56:356][803]LogModuleManager: Shutting down and abandoning module ViewportInteraction (528)
[2018.09.06-16.38.56:356][803]LogModuleManager: Shutting down and abandoning module ClothPainter (526)
[2018.09.06-16.38.56:356][803]LogModuleManager: Shutting down and abandoning module SkeletalMeshEditor (525)
[2018.09.06-16.38.56:356][803]LogModuleManager: Shutting down and abandoning module LogVisualizer (522)
[2018.09.06-16.38.56:356][803]LogModuleManager: Shutting down and abandoning module IntroTutorials (520)
[2018.09.06-16.38.56:356][803]LogModuleManager: Shutting down and abandoning module GameProjectGeneration (519)
[2018.09.06-16.38.56:356][803]LogModuleManager: Shutting down and abandoning module LuminPlatformEditor (516)
[2018.09.06-16.38.56:356][803]LogModuleManager: Shutting down and abandoning module IOSPlatformEditor (514)
[2018.09.06-16.38.56:356][803]LogModuleManager: Shutting down and abandoning module HTML5PlatformEditor (512)
[2018.09.06-16.38.56:356][803]LogModuleManager: Shutting down and abandoning module AndroidPlatformEditor (510)
[2018.09.06-16.38.56:356][803]LogModuleManager: Shutting down and abandoning module AndroidDeviceDetection (509)
[2018.09.06-16.38.56:585][803]LogModuleManager: Shutting down and abandoning module WindowsPlatformEditor (506)
[2018.09.06-16.38.56:585][803]LogModuleManager: Shutting down and abandoning module LuminRuntimeSettings (504)
[2018.09.06-16.38.56:585][803]LogModuleManager: Shutting down and abandoning module IOSRuntimeSettings (502)
[2018.09.06-16.38.56:585][803]LogModuleManager: Shutting down and abandoning module AndroidRuntimeSettings (500)
[2018.09.06-16.38.56:585][803]LogModuleManager: Shutting down and abandoning module InputBindingEditor (498)
[2018.09.06-16.38.56:585][803]LogModuleManager: Shutting down and abandoning module MergeActors (496)
[2018.09.06-16.38.56:585][803]LogModuleManager: Shutting down and abandoning module LocalizationDashboard (494)
[2018.09.06-16.38.56:585][803]LogModuleManager: Shutting down and abandoning module LocalizationService (493)
[2018.09.06-16.38.56:586][803]LogModuleManager: Shutting down and abandoning module HardwareTargeting (490)
[2018.09.06-16.38.56:586][803]LogModuleManager: Shutting down and abandoning module DeviceProfileEditor (488)
[2018.09.06-16.38.56:586][803]LogModuleManager: Shutting down and abandoning module UndoHistory (486)
[2018.09.06-16.38.56:586][803]LogModuleManager: Shutting down and abandoning module XmlParser (484)
[2018.09.06-16.38.56:586][803]LogModuleManager: Shutting down and abandoning module Blutility (482)
[2018.09.06-16.38.56:586][803]LogModuleManager: Shutting down and abandoning module ProjectSettingsViewer (480)
[2018.09.06-16.38.56:586][803]LogModuleManager: Shutting down and abandoning module ProjectTargetPlatformEditor (479)
[2018.09.06-16.38.56:586][803]LogModuleManager: Shutting down and abandoning module EditorSettingsViewer (476)
[2018.09.06-16.38.56:586][803]LogModuleManager: Shutting down and abandoning module SettingsEditor (474)
[2018.09.06-16.38.56:586][803]LogModuleManager: Shutting down and abandoning module ProjectLauncher (472)
[2018.09.06-16.38.56:586][803]LogModuleManager: Shutting down and abandoning module SessionFrontend (470)
[2018.09.06-16.38.56:586][803]LogModuleManager: Shutting down and abandoning module ProfilerClient (468)
[2018.09.06-16.38.56:586][803]LogModuleManager: Shutting down and abandoning module DeviceManager (466)
[2018.09.06-16.38.56:586][803]LogModuleManager: Shutting down and abandoning module TargetDeviceServices (465)
[2018.09.06-16.38.56:652][803]LogModuleManager: Shutting down and abandoning module AutomationController (462)
[2018.09.06-16.38.56:652][803]LogModuleManager: Shutting down and abandoning module AutomationWindow (460)
[2018.09.06-16.38.56:652][803]LogModuleManager: Shutting down and abandoning module Layers (458)
[2018.09.06-16.38.56:652][803]LogModuleManager: Shutting down and abandoning module ComponentVisualizers (456)
[2018.09.06-16.38.56:652][803]LogModuleManager: Shutting down and abandoning module DetailCustomizations (454)
[2018.09.06-16.38.56:652][803]LogModuleManager: Shutting down and abandoning module PackagesDialog (452)
[2018.09.06-16.38.56:652][803]LogModuleManager: Shutting down and abandoning module Persona (450)
[2018.09.06-16.38.56:652][803]LogModuleManager: Shutting down and abandoning module AdvancedPreviewScene (449)
[2018.09.06-16.38.56:652][803]LogModuleManager: Shutting down and abandoning module AnimGraph (447)
[2018.09.06-16.38.56:652][803]LogModuleManager: Shutting down and abandoning module Kismet (444)
[2018.09.06-16.38.56:657][803]LogModuleManager: Shutting down and abandoning module GraphEditor (442)
[2018.09.06-16.38.56:657][803]LogModuleManager: Shutting down and abandoning module ClassViewer (440)
[2018.09.06-16.38.56:659][803]LogModuleManager: Shutting down and abandoning module Toolbox (438)
[2018.09.06-16.38.56:659][803]LogModuleManager: Shutting down and abandoning module ModuleUI (436)
[2018.09.06-16.38.56:659][803]LogModuleManager: Shutting down and abandoning module MovieSceneTools (434)
[2018.09.06-16.38.56:659][803]LogModuleManager: Shutting down and abandoning module OutputLog (432)
[2018.09.06-16.38.56:659][803]LogModuleManager: Shutting down and abandoning module GammaUI (430)
[2018.09.06-16.38.56:659][803]LogModuleManager: Shutting down and abandoning module Documentation (428)
[2018.09.06-16.38.56:659][803]LogModuleManager: Shutting down and abandoning module MovieSceneTracks (426)
[2018.09.06-16.38.56:659][803]LogModuleManager: Shutting down and abandoning module MovieScene (424)
[2018.09.06-16.38.56:659][803]LogModuleManager: Shutting down and abandoning module StreamingPauseRendering (422)
[2018.09.06-16.38.56:659][803]LogModuleManager: Shutting down and abandoning module LauncherPlatform (420)
[2018.09.06-16.38.56:659][803]LogModuleManager: Shutting down and abandoning module AnalyticsET (418)
[2018.09.06-16.38.56:659][803]LogModuleManager: Shutting down and abandoning module PortalServices (416)
[2018.09.06-16.38.56:659][803]LogModuleManager: Shutting down and abandoning module PortalRpc (414)
[2018.09.06-16.38.56:659][803]LogModuleManager: Shutting down and abandoning module MessagingRpc (412)
[2018.09.06-16.38.56:659][803]LogModuleManager: Shutting down and abandoning module AIModule (410)
[2018.09.06-16.38.56:659][803]LogModuleManager: Shutting down and abandoning module GameplayDebugger (409)
[2018.09.06-16.38.56:660][803]LogModuleManager: Shutting down and abandoning module AITestSuite (407)
[2018.09.06-16.38.56:660][803]LogModuleManager: Shutting down and abandoning module NavigationSystem (405)
[2018.09.06-16.38.56:660][803]LogModuleManager: Shutting down and abandoning module DesktopPlatform (402)
[2018.09.06-16.38.56:660][803]LogModuleManager: Shutting down and abandoning module ProfilerService (400)
[2018.09.06-16.38.56:905][803]LogModuleManager: Shutting down and abandoning module TaskGraph (398)
[2018.09.06-16.38.56:905][803]LogModuleManager: Shutting down and abandoning module SteamVRController (396)
[2018.09.06-16.38.56:905][803]LogModuleManager: Shutting down and abandoning module ProceduralMeshComponentEditor (394)
[2018.09.06-16.38.56:905][803]LogModuleManager: Shutting down and abandoning module ProceduralMeshComponent (392)
[2018.09.06-16.38.56:905][803]LogModuleManager: Shutting down and abandoning module OculusInput (390)
[2018.09.06-16.38.56:905][803]LogModuleManager: Shutting down and abandoning module MobilePatchingUtils (388)
[2018.09.06-16.38.56:905][803]LogModuleManager: Shutting down and abandoning module EditableMesh (386)
[2018.09.06-16.38.56:905][803]LogModuleManager: Shutting down and abandoning module CustomMeshComponent (384)
[2018.09.06-16.38.56:905][803]LogModuleManager: Shutting down and abandoning module CableComponent (382)
[2018.09.06-16.38.56:905][803]LogModuleManager: Shutting down and abandoning module AudioCapture (380)
[2018.09.06-16.38.56:905][803]LogModuleManager: Shutting down and abandoning module ArchVisCharacter (378)
[2018.09.06-16.38.56:905][803]LogModuleManager: Shutting down and abandoning module AndroidPermission (376)
[2018.09.06-16.38.56:905][803]LogModuleManager: Shutting down and abandoning module NUTUnrealEngine4 (374)
[2018.09.06-16.38.56:906][803]LogModuleManager: Shutting down and abandoning module NetcodeUnitTest (372)
[2018.09.06-16.38.56:906][803]LogModuleManager: Shutting down and abandoning module MediaCompositingEditor (370)
[2018.09.06-16.38.56:906][803]LogModuleManager: Shutting down and abandoning module MediaCompositing (368)
[2018.09.06-16.38.56:906][803]LogModuleManager: Shutting down and abandoning module LinearTimecode (366)
[2018.09.06-16.38.56:906][803]LogModuleManager: Shutting down and abandoning module ImgMedia (364)
[2018.09.06-16.38.56:909][803]LogModuleManager: Shutting down and abandoning module HTML5Networking (362)
[2018.09.06-16.38.56:909][803]LogModuleManager: Shutting down and abandoning module GeometryCacheTracks (360)
[2018.09.06-16.38.56:909][803]LogModuleManager: Shutting down and abandoning module GeometryCacheSequencer (358)
[2018.09.06-16.38.56:909][803]LogModuleManager: Shutting down and abandoning module BackChannel (356)
[2018.09.06-16.38.56:909][803]LogModuleManager: Shutting down and abandoning module AppleVision (354)
[2018.09.06-16.38.56:909][803]LogModuleManager: Shutting down and abandoning module AppleImageUtils (352)
[2018.09.06-16.38.56:909][803]LogModuleManager: Shutting down and abandoning module AlembicImporter (350)
[2018.09.06-16.38.56:909][803]LogModuleManager: Shutting down and abandoning module AlembicLibrary (349)
[2018.09.06-16.38.56:909][803]LogModuleManager: Shutting down and abandoning module GeometryCache (348)
[2018.09.06-16.38.56:909][803]LogModuleManager: Shutting down and abandoning module GeometryCacheEd (347)
[2018.09.06-16.38.56:909][803]LogModuleManager: Shutting down and abandoning module DatasmithContentEditor (342)
[2018.09.06-16.38.56:909][803]LogModuleManager: Shutting down and abandoning module DatasmithContent (340)
[2018.09.06-16.38.56:909][803]LogModuleManager: Shutting down and abandoning module SpeedTreeImporter (338)
[2018.09.06-16.38.56:910][803]LogModuleManager: Shutting down and abandoning module PluginBrowser (336)
[2018.09.06-16.38.56:910][803]LogModuleManager: Shutting down and abandoning module MobileLauncherProfileWizard (334)
[2018.09.06-16.38.56:910][803]LogModuleManager: Shutting down and abandoning module PolygonModeling (332)
[2018.09.06-16.38.56:910][803]LogModuleManager: Shutting down and abandoning module MeshEditor (330)
[2018.09.06-16.38.56:910][803]LogModuleManager: Shutting down and abandoning module CryptoKeysOpenSSL (328)
[2018.09.06-16.38.56:910][803]LogModuleManager: Shutting down and abandoning module CryptoKeys (326)
[2018.09.06-16.38.56:910][803]LogModuleManager: Shutting down and abandoning module VisualStudioSourceCodeAccess (324)
[2018.09.06-16.38.56:910][803]LogModuleManager: Shutting down and abandoning module VisualStudioCodeSourceCodeAccess (322)
[2018.09.06-16.38.56:910][803]LogModuleManager: Shutting down and abandoning module UObjectPlugin (320)
[2018.09.06-16.38.56:910][803]LogModuleManager: Shutting down and abandoning module SubversionSourceControl (318)
[2018.09.06-16.38.56:910][803]LogModuleManager: Shutting down and abandoning module PerforceSourceControl (316)
[2018.09.06-16.38.56:910][803]LogModuleManager: Shutting down and abandoning module GitSourceControl (314)
[2018.09.06-16.38.56:910][803]LogModuleManager: Shutting down and abandoning module SourceControl (313)
[2018.09.06-16.38.56:910][803]LogModuleManager: Shutting down and abandoning module CLionSourceCodeAccess (310)
[2018.09.06-16.38.56:910][803]LogModuleManager: Shutting down and abandoning module LightPropagationVolumeEditor (308)
[2018.09.06-16.38.56:910][803]LogModuleManager: Shutting down and abandoning module PaperTiledImporter (306)
[2018.09.06-16.38.56:910][803]LogModuleManager: Shutting down and abandoning module PaperSpriteSheetImporter (304)
[2018.09.06-16.38.56:910][803]LogModuleManager: Shutting down and abandoning module Paper2DEditor (302)
[2018.09.06-16.38.56:910][803]LogModuleManager: Shutting down and abandoning module MeshPaint (301)
[2018.09.06-16.38.56:910][803]LogModuleManager: Shutting down and abandoning module RuntimePhysXCooking (298)
[2018.09.06-16.38.56:910][803]LogModuleManager: Shutting down and abandoning module PhysXVehiclesEditor (296)
[2018.09.06-16.38.56:910][803]LogModuleManager: Shutting down and abandoning module PhysXVehicles (294)
[2018.09.06-16.38.56:910][803]LogModuleManager: Shutting down and abandoning module OculusEditor (292)
[2018.09.06-16.38.56:910][803]LogModuleManager: Shutting down and abandoning module LocationServicesBPLibrary (290)
[2018.09.06-16.38.56:910][803]LogModuleManager: Shutting down and abandoning module ImmediatePhysicsEditor (288)
[2018.09.06-16.38.56:910][803]LogModuleManager: Shutting down and abandoning module ImmediatePhysics (286)
[2018.09.06-16.38.56:910][803]LogModuleManager: Shutting down and abandoning module ActorSequence (284)
[2018.09.06-16.38.56:910][803]LogModuleManager: Shutting down and abandoning module UdpMessaging (282)
[2018.09.06-16.38.57:011][803]LogModuleManager: Shutting down and abandoning module TcpMessaging (280)
[2018.09.06-16.38.57:112][803]LogModuleManager: Shutting down and abandoning module MagicLeapAudio (278)
[2018.09.06-16.38.57:112][803]LogModuleManager: Shutting down and abandoning module GameplayTagsEditor (276)
[2018.09.06-16.38.57:112][803]LogModuleManager: Shutting down and abandoning module FacialAnimationEditor (274)
[2018.09.06-16.38.57:112][803]LogModuleManager: Shutting down and abandoning module FacialAnimation (272)
[2018.09.06-16.38.57:112][803]LogModuleManager: Shutting down and abandoning module DataValidation (270)
[2018.09.06-16.38.57:112][803]LogModuleManager: Shutting down and abandoning module AssetManagerEditor (268)
[2018.09.06-16.38.57:112][803]LogModuleManager: Shutting down and abandoning module LevelEditor (267)
[2018.09.06-16.38.57:112][803]LogModuleManager: Shutting down and abandoning module PixelInspectorModule (266)
[2018.09.06-16.38.57:112][803]LogModuleManager: Shutting down and abandoning module CommonMenuExtensions (264)
[2018.09.06-16.38.57:113][803]LogModuleManager: Shutting down and abandoning module MainFrame (262)
[2018.09.06-16.38.57:113][803]LogModuleManager: Shutting down and abandoning module HotReload (261)
[2018.09.06-16.38.57:113][803]LogModuleManager: Shutting down and abandoning module ContentBrowser (257)
[2018.09.06-16.38.57:114][803]LogModuleManager: Shutting down and abandoning module TreeMap (255)
[2018.09.06-16.38.57:114][803]LogModuleManager: Shutting down and abandoning module LightPropagationVolumeRuntime (252)
[2018.09.06-16.38.57:114][803]LogModuleManager: Shutting down and abandoning module AISupportModule (250)
[2018.09.06-16.38.57:114][803]LogModuleManager: Shutting down and abandoning module Paper2D (248)
[2018.09.06-16.38.57:114][803]LogModuleManager: Shutting down and abandoning module WindowsMoviePlayer (246)
[2018.09.06-16.38.57:114][803]LogModuleManager: Shutting down and abandoning module WmfMedia (244)
[2018.09.06-16.38.57:116][803]LogModuleManager: Shutting down and abandoning module Media (243)
[2018.09.06-16.38.57:122][803]LogModuleManager: Shutting down and abandoning module PacketHandler (240)
[2018.09.06-16.38.57:122][803]LogModuleManager: Shutting down and abandoning module ClothingSystemEditor (238)
[2018.09.06-16.38.57:122][803]LogModuleManager: Shutting down and abandoning module ClothingSystemRuntime (236)
[2018.09.06-16.38.57:122][803]LogModuleManager: Shutting down and abandoning module MediaAssets (234)
[2018.09.06-16.38.57:122][803]LogModuleManager: Shutting down and abandoning module Overlay (232)
[2018.09.06-16.38.57:122][803]LogModuleManager: Shutting down and abandoning module OverlayEditor (231)
[2018.09.06-16.38.57:122][803]LogModuleManager: Shutting down and abandoning module VREditor (228)
[2018.09.06-16.38.57:122][803]LogModuleManager: Shutting down and abandoning module StringTableEditor (226)
[2018.09.06-16.38.57:122][803]LogModuleManager: Shutting down and abandoning module GameplayTasksEditor (224)
[2018.09.06-16.38.57:122][803]LogModuleManager: Shutting down and abandoning module BehaviorTreeEditor (222)
[2018.09.06-16.38.57:122][803]LogModuleManager: Shutting down and abandoning module FunctionalTesting (220)
[2018.09.06-16.38.57:122][803]LogModuleManager: Shutting down and abandoning module CollisionAnalyzer (218)
[2018.09.06-16.38.57:122][803]LogModuleManager: Shutting down and abandoning module WorkspaceMenuStructure (217)
[2018.09.06-16.38.57:122][803]LogModuleManager: Shutting down and abandoning module UMG (214)
[2018.09.06-16.38.57:122][803]LogModuleManager: Shutting down and abandoning module UMGEditor (213)
[2018.09.06-16.38.57:122][803]LogModuleManager: Shutting down and abandoning module Sequencer (212)
[2018.09.06-16.38.57:122][803]LogModuleManager: Shutting down and abandoning module MessageLog (209)
[2018.09.06-16.38.57:122][803]LogModuleManager: Shutting down and abandoning module SlateReflector (204)
[2018.09.06-16.38.57:122][803]LogModuleManager: Shutting down and abandoning module Slate (202)
[2018.09.06-16.38.57:122][803]LogModuleManager: Shutting down and abandoning module EditorStyle (200)
[2018.09.06-16.38.57:124][803]LogModuleManager: Shutting down and abandoning module MRMesh (198)
[2018.09.06-16.38.57:124][803]LogModuleManager: Shutting down and abandoning module SourceCodeAccess (196)
[2018.09.06-16.38.57:124][803]LogModuleManager: Shutting down and abandoning module HeadMountedDisplay (194)
[2018.09.06-16.38.57:124][803]LogModuleManager: Shutting down and abandoning module XAudio2 (192)
[2018.09.06-16.38.57:124][803]LogModuleManager: Shutting down and abandoning module Networking (190)
[2018.09.06-16.38.57:124][803]LogModuleManager: Shutting down and abandoning module Core (188)
[2018.09.06-16.38.57:124][803]LogModuleManager: Shutting down and abandoning module LevelSequence (186)
[2018.09.06-16.38.57:124][803]LogModuleManager: Shutting down and abandoning module KismetCompiler (184)
[2018.09.06-16.38.57:124][803]LogModuleManager: Shutting down and abandoning module MeshUtilities (182)
[2018.09.06-16.38.57:124][803]LogModuleManager: Shutting down and abandoning module MeshMergeUtilities (181)
[2018.09.06-16.38.57:124][803]LogModuleManager: Shutting down and abandoning module MeshReductionInterface (180)
[2018.09.06-16.38.57:124][803]LogModuleManager: Shutting down and abandoning module SimplygonSwarm (179)
[2018.09.06-16.38.57:124][803]LogModuleManager: Shutting down and abandoning module ProxyLODMeshReduction (177)
[2018.09.06-16.38.57:124][803]LogModuleManager: Shutting down and abandoning module SimplygonMeshReduction (175)
[2018.09.06-16.38.57:124][803]LogModuleManager: Shutting down and abandoning module QuadricMeshReduction (173)
[2018.09.06-16.38.57:124][803]LogModuleManager: Shutting down and abandoning module MaterialBaking (169)
[2018.09.06-16.38.57:124][803]LogModuleManager: Shutting down and abandoning module DirectoryWatcher (165)
[2018.09.06-16.38.57:124][803]LogModuleManager: Shutting down and abandoning module DerivedDataCache (162)
[2018.09.06-16.38.57:142][803]LogDerivedDataCache: Shutdown
[2018.09.06-16.38.57:142][803]LogModuleManager: Shutting down and abandoning module XGEController (160)
[2018.09.06-16.38.57:142][803]LogXGEController: Cleaning working directory: C:/Users/u1148638/AppData/Local/Temp/UnrealXGEWorkingDir/
[2018.09.06-16.38.57:142][803]LogModuleManager: Shutting down and abandoning module TargetPlatform (158)
[2018.09.06-16.38.57:142][803]LogModuleManager: Shutting down and abandoning module VulkanShaderFormat (157)
[2018.09.06-16.38.57:142][803]LogModuleManager: Shutting down and abandoning module ShaderFormatVectorVM (155)
[2018.09.06-16.38.57:142][803]LogModuleManager: Shutting down and abandoning module ShaderFormatOpenGL (153)
[2018.09.06-16.38.57:143][803]LogModuleManager: Shutting down and abandoning module ShaderFormatD3D (151)
[2018.09.06-16.38.57:143][803]LogModuleManager: Shutting down and abandoning module MetalShaderFormat (149)
[2018.09.06-16.38.57:143][803]LogModuleManager: Shutting down and abandoning module TextureFormatUncompressed (147)
[2018.09.06-16.38.57:143][803]LogModuleManager: Shutting down and abandoning module TextureFormatPVR (145)
[2018.09.06-16.38.57:143][803]LogModuleManager: Shutting down and abandoning module TextureFormatDXT (143)
[2018.09.06-16.38.57:143][803]LogModuleManager: Shutting down and abandoning module TextureFormatIntelISPCTexComp (141)
[2018.09.06-16.38.57:143][803]LogModuleManager: Shutting down and abandoning module TextureFormatASTC (139)
[2018.09.06-16.38.57:143][803]LogModuleManager: Shutting down and abandoning module ImageWrapper (138)
[2018.09.06-16.38.57:143][803]LogModuleManager: Shutting down and abandoning module TextureFormatAndroid (135)
[2018.09.06-16.38.57:143][803]LogModuleManager: Shutting down and abandoning module AudioFormatOpus (133)
[2018.09.06-16.38.57:143][803]LogModuleManager: Shutting down and abandoning module AudioFormatOgg (131)
[2018.09.06-16.38.57:143][803]LogModuleManager: Shutting down and abandoning module AudioFormatADPCM (129)
[2018.09.06-16.38.57:143][803]LogModuleManager: Shutting down and abandoning module LuminTargetPlatform (127)
[2018.09.06-16.38.57:143][803]LogModuleManager: Shutting down and abandoning module LinuxTargetPlatform (125)
[2018.09.06-16.38.57:143][803]LogModuleManager: Shutting down and abandoning module LinuxServerTargetPlatform (123)
[2018.09.06-16.38.57:143][803]LogModuleManager: Shutting down and abandoning module LinuxNoEditorTargetPlatform (121)
[2018.09.06-16.38.57:143][803]LogModuleManager: Shutting down and abandoning module LinuxClientTargetPlatform (119)
[2018.09.06-16.38.57:143][803]LogModuleManager: Shutting down and abandoning module TVOSTargetPlatform (117)
[2018.09.06-16.38.57:144][803]LogModuleManager: Shutting down and abandoning module Messaging (115)
[2018.09.06-16.38.57:144][803]LogModuleManager: Shutting down and abandoning module IOSTargetPlatform (113)
[2018.09.06-16.38.57:145][803]LogModuleManager: Shutting down and abandoning module HTML5TargetPlatform (111)
[2018.09.06-16.38.57:145][803]LogModuleManager: Shutting down and abandoning module AndroidTargetPlatform (109)
[2018.09.06-16.38.57:151][803]LogModuleManager: Shutting down and abandoning module WindowsTargetPlatform (107)
[2018.09.06-16.38.57:151][803]LogModuleManager: Shutting down and abandoning module WindowsServerTargetPlatform (105)
[2018.09.06-16.38.57:151][803]LogModuleManager: Shutting down and abandoning module WindowsNoEditorTargetPlatform (103)
[2018.09.06-16.38.57:151][803]LogModuleManager: Shutting down and abandoning module WindowsClientTargetPlatform (101)
[2018.09.06-16.38.57:151][803]LogModuleManager: Shutting down and abandoning module MacTargetPlatform (99)
[2018.09.06-16.38.57:151][803]LogModuleManager: Shutting down and abandoning module MacServerTargetPlatform (97)
[2018.09.06-16.38.57:151][803]LogModuleManager: Shutting down and abandoning module MacNoEditorTargetPlatform (95)
[2018.09.06-16.38.57:151][803]LogModuleManager: Shutting down and abandoning module MacClientTargetPlatform (93)
[2018.09.06-16.38.57:151][803]LogModuleManager: Shutting down and abandoning module AllDesktopTargetPlatform (91)
[2018.09.06-16.38.57:151][803]LogModuleManager: Shutting down and abandoning module InputCore (88)
[2018.09.06-16.38.57:151][803]LogModuleManager: Shutting down and abandoning module Settings (86)
[2018.09.06-16.38.57:151][803]LogModuleManager: Shutting down and abandoning module PhysXCooking (84)
[2018.09.06-16.38.57:151][803]LogModuleManager: Shutting down and abandoning module SteamVR (82)
[2018.09.06-16.38.57:151][803]LogModuleManager: Shutting down and abandoning module OculusHMD (80)
[2018.09.06-16.38.57:151][803]LogModuleManager: Shutting down and abandoning module ExampleDeviceProfileSelector (78)
[2018.09.06-16.38.57:151][803]LogModuleManager: Shutting down and abandoning module LauncherChunkInstaller (76)
[2018.09.06-16.38.57:151][803]LogModuleManager: Shutting down and abandoning module OnlineBlueprintSupport (74)
[2018.09.06-16.38.57:151][803]LogModuleManager: Shutting down and abandoning module OnlineSubsystem (70)
[2018.09.06-16.38.57:152][803]LogModuleManager: Shutting down and abandoning module XMPP (65)
[2018.09.06-16.38.57:152][803]LogModuleManager: Shutting down and abandoning module WebSockets (64)
[2018.09.06-16.38.57:179][803]LogModuleManager: Shutting down and abandoning module HTTP (61)
[2018.09.06-16.38.57:179][803]LogHttp: Display: Http module shutting down, but needs to wait on 1 outstanding Http requests:
[2018.09.06-16.38.57:179][803]LogHttp: Display: 	verb=[POST] url=[https://datarouter.ol.epicgames.com/datarouter/api/v1/public/data?SessionID=%7B39D399E7-407F-489A-3B50-4CA311BD5B7E%7D&AppID=UEEditor.Rocket.Release&AppVersion=4.20.0-4212847%2B%2B%2BUE4%2BRelease-4.20&UserID=45187285447603f099461d9dd89ee498%7C3770cd9deb894f4da8d4db917f3b9a0a%7C69523b5c-1881-4c06-b3b4-3df4160884ef&AppEnvironment=datacollector-binary&UploadType=eteventstream] status=Processing
[2018.09.06-16.38.57:190][803]LogModuleManager: Shutting down and abandoning module SSL (60)
[2018.09.06-16.38.57:191][803]LogModuleManager: Shutting down and abandoning module MagicLeapEmulator (56)
[2018.09.06-16.38.57:191][803]LogModuleManager: Shutting down and abandoning module MagicLeapPrivileges (54)
[2018.09.06-16.38.57:191][803]LogModuleManager: Shutting down and abandoning module MagicLeapIdentity (52)
[2018.09.06-16.38.57:191][803]LogModuleManager: Shutting down and abandoning module MagicLeapHelperVulkan (50)
[2018.09.06-16.38.57:191][803]LogModuleManager: Shutting down and abandoning module MagicLeapHelperOpenGL (48)
[2018.09.06-16.38.57:191][803]LogModuleManager: Shutting down and abandoning module MagicLeapSecureStorage (46)
[2018.09.06-16.38.57:191][803]LogModuleManager: Shutting down and abandoning module MagicLeapGestures (44)
[2018.09.06-16.38.57:191][803]LogModuleManager: Shutting down and abandoning module MagicLeapEyeTracker (42)
[2018.09.06-16.38.57:191][803]LogModuleManager: Shutting down and abandoning module MagicLeapController (40)
[2018.09.06-16.38.57:191][803]LogSlate: Slate User Destroyed.  User Index 0, Is Virtual User: 0
[2018.09.06-16.38.57:191][803]LogModuleManager: Shutting down and abandoning module MagicLeap (38)
[2018.09.06-16.38.57:191][803]LogModuleManager: Shutting down and abandoning module AnimationModifiers (36)
[2018.09.06-16.38.57:191][803]LogModuleManager: Shutting down and abandoning module PropertyEditor (35)
[2018.09.06-16.38.57:191][803]LogModuleManager: Shutting down and abandoning module AudioEditor (32)
[2018.09.06-16.38.57:191][803]LogModuleManager: Shutting down and abandoning module TextureCompressor (30)
[2018.09.06-16.38.57:191][803]LogModuleManager: Shutting down and abandoning module ShaderCore (28)
[2018.09.06-16.38.57:191][803]LogModuleManager: Shutting down and abandoning module Landscape (26)
[2018.09.06-16.38.57:191][803]LogModuleManager: Shutting down and abandoning module SlateRHIRenderer (24)
[2018.09.06-16.38.57:192][803]LogModuleManager: Shutting down and abandoning module OpenGLDrv (22)
[2018.09.06-16.38.57:192][803]LogModuleManager: Shutting down and abandoning module D3D11RHI (20)
[2018.09.06-16.38.57:192][803]LogModuleManager: Shutting down and abandoning module AnimGraphRuntime (18)
[2018.09.06-16.38.57:192][803]LogModuleManager: Shutting down and abandoning module Renderer (16)
[2018.09.06-16.38.57:192][803]LogModuleManager: Shutting down and abandoning module Engine (14)
[2018.09.06-16.38.57:192][803]LogModuleManager: Shutting down and abandoning module CoreUObject (12)
[2018.09.06-16.38.57:192][803]LogModuleManager: Shutting down and abandoning module NetworkFile (10)
[2018.09.06-16.38.57:192][803]LogModuleManager: Shutting down and abandoning module CookedIterativeFile (8)
[2018.09.06-16.38.57:192][803]LogModuleManager: Shutting down and abandoning module StreamingFile (6)
[2018.09.06-16.38.57:192][803]LogModuleManager: Shutting down and abandoning module SandboxFile (4)
[2018.09.06-16.38.57:192][803]LogModuleManager: Shutting down and abandoning module PakFile (2)
[2018.09.06-16.38.57:199][803]LogExit: Exiting.
[2018.09.06-16.38.57:222][803]Log file closed, 09/06/18 10:38:57
