Log file open, 09/08/18 20:09:52
LogWindows: Failed to load 'aqProf.dll' (GetLastError=126)
LogWindows: File 'aqProf.dll' does not exist
LogWindows: Failed to load 'VtuneApi.dll' (GetLastError=126)
LogWindows: File 'VtuneApi.dll' does not exist
LogWindows: Failed to load 'VtuneApi32e.dll' (GetLastError=126)
LogWindows: File 'VtuneApi32e.dll' does not exist
LogInit: Display: Running engine for game: CFA
LogPlatformFile: Not using cached read wrapper
LogTaskGraph: Started task graph with 5 named threads and 23 total threads with 3 sets of task threads.
LogStats: Stats thread started at 0.276416
LogD3D11RHI: Loaded GFSDK_Aftermath_Lib.x64.dll
LogICUInternationalization: Display: ICU TimeZone Detection - Raw Offset: -7:00, Platform Override: ''
LogPluginManager: Mounting plugin Paper2D
LogPluginManager: Mounting plugin AISupport
LogPluginManager: Mounting plugin LightPropagationVolume
LogPluginManager: Mounting plugin CLionSourceCodeAccess
LogPluginManager: Mounting plugin CodeLiteSourceCodeAccess
LogPluginManager: Mounting plugin GitSourceControl
LogPluginManager: Mounting plugin KDevelopSourceCodeAccess
LogPluginManager: Mounting plugin NullSourceCodeAccess
LogPluginManager: Mounting plugin PerforceSourceControl
LogPluginManager: Mounting plugin SubversionSourceControl
LogPluginManager: Mounting plugin UObjectPlugin
LogPluginManager: Mounting plugin VisualStudioCodeSourceCodeAccess
LogPluginManager: Mounting plugin VisualStudioSourceCodeAccess
LogPluginManager: Mounting plugin XCodeSourceCodeAccess
LogPluginManager: Mounting plugin AssetManagerEditor
LogPluginManager: Mounting plugin CryptoKeys
LogPluginManager: Mounting plugin DataValidation
LogPluginManager: Mounting plugin FacialAnimation
LogPluginManager: Mounting plugin GameplayTagsEditor
LogPluginManager: Mounting plugin MacGraphicsSwitching
LogPluginManager: Mounting plugin MeshEditor
LogPluginManager: Mounting plugin MobileLauncherProfileWizard
LogPluginManager: Mounting plugin PluginBrowser
LogPluginManager: Mounting plugin SpeedTreeImporter
LogPluginManager: Mounting plugin DatasmithContent
LogPluginManager: Mounting plugin AlembicImporter
LogPluginManager: Mounting plugin AppleImageUtils
LogPluginManager: Mounting plugin AppleVision
LogPluginManager: Mounting plugin BackChannel
LogPluginManager: Mounting plugin CharacterAI
LogPluginManager: Mounting plugin GeometryCache
LogPluginManager: Mounting plugin HTML5Networking
LogPluginManager: Mounting plugin ProxyLODPlugin
LogPluginManager: Mounting plugin MagicLeap
LogPluginManager: Mounting plugin MagicLeapEmulator
LogPluginManager: Mounting plugin MagicLeapMedia
LogPluginManager: Mounting plugin AndroidMedia
LogPluginManager: Mounting plugin AvfMedia
LogPluginManager: Mounting plugin ImgMedia
LogPluginManager: Mounting plugin LinearTimecode
LogPluginManager: Mounting plugin MediaCompositing
LogPluginManager: Mounting plugin MediaPlayerEditor
LogPluginManager: Mounting plugin WmfMedia
LogPluginManager: Mounting plugin TcpMessaging
LogPluginManager: Mounting plugin UdpMessaging
LogPluginManager: Mounting plugin ActorSequence
LogPluginManager: Mounting plugin LevelSequenceEditor
LogPluginManager: Mounting plugin MatineeToLevelSequence
LogPluginManager: Mounting plugin NetcodeUnitTest
LogPluginManager: Mounting plugin NUTUnrealEngine4
LogPluginManager: Mounting plugin OnlineSubsystemGooglePlay
LogPluginManager: Mounting plugin OnlineSubsystemIOS
LogPluginManager: Mounting plugin OnlineSubsystem
LogPluginManager: Mounting plugin OnlineSubsystemNull
LogPluginManager: Mounting plugin OnlineSubsystemUtils
LogPluginManager: Mounting plugin LauncherChunkInstaller
LogPluginManager: Mounting plugin AndroidDeviceProfileSelector
LogPluginManager: Mounting plugin AndroidMoviePlayer
LogPluginManager: Mounting plugin AndroidPermission
LogPluginManager: Mounting plugin AppleMoviePlayer
LogPluginManager: Mounting plugin ArchVisCharacter
LogPluginManager: Mounting plugin AudioCapture
LogPluginManager: Mounting plugin CableComponent
LogPluginManager: Mounting plugin CustomMeshComponent
LogPluginManager: Mounting plugin EditableMesh
LogPluginManager: Mounting plugin ExampleDeviceProfileSelector
LogPluginManager: Mounting plugin GoogleCloudMessaging
LogPluginManager: Mounting plugin ImmediatePhysics
LogPluginManager: Mounting plugin IOSDeviceProfileSelector
LogPluginManager: Mounting plugin LinuxDeviceProfileSelector
LogPluginManager: Mounting plugin LocationServicesBPLibrary
LogPluginManager: Mounting plugin MobilePatchingUtils
LogPluginManager: Mounting plugin OculusVR
LogPluginManager: Plugin shader directory ../../../Engine/Plugins/Runtime/Oculus/OculusVR/Shaders found
LogPluginManager: Mapping shader source directory ../../../Engine/Plugins/Runtime/Oculus/OculusVR/Shaders to virtual directory /Plugin/OculusVR
LogPluginManager: Mounting plugin PhysXVehicles
LogPluginManager: Mounting plugin ProceduralMeshComponent
LogPluginManager: Mounting plugin RuntimePhysXCooking
LogPluginManager: Mounting plugin SteamVR
LogPluginManager: Mounting plugin WindowsMoviePlayer
LogStreaming: Display: Took  0.091s to configure plugins.
LogInit: Using libcurl 7.55.1-DEV
LogInit:  - built for x86_64-pc-win32
LogInit:  - supports SSL with OpenSSL/1.0.2h
LogInit:  - supports HTTP deflate (compression) using libz 1.2.8
LogInit:  - other features:
LogInit:      CURL_VERSION_SSL
LogInit:      CURL_VERSION_LIBZ
LogInit:      CURL_VERSION_IPV6
LogInit:      CURL_VERSION_ASYNCHDNS
LogInit:      CURL_VERSION_LARGEFILE
LogInit:      CURL_VERSION_IDN
LogInit:  CurlRequestOptions (configurable via config and command line):
LogInit:  - bVerifyPeer = false  - Libcurl will NOT verify peer certificate
LogInit:  - bUseHttpProxy = false  - Libcurl will NOT use HTTP proxy
LogInit:  - bDontReuseConnections = false  - Libcurl will reuse connections
LogInit:  - CertBundlePath = nullptr  - Libcurl will use whatever was configured at build time.
LogInit:  - MaxHostConnections = 16  - Libcurl will limit the number of connections to a host
LogInit:  - LocalHostAddr = Default
LogInit:  - BufferSize = 65536
LogInit: WinSock: version 1.1 (2.2), MaxSocks=32767, MaxUdp=65467
LogInit: Build: ++UE4+Release-4.20-CL-4302132
LogInit: Engine Version: 4.20.2-4302132+++UE4+Release-4.20
LogInit: Compatible Engine Version: 4.20.0-4212847+++UE4+Release-4.20
LogInit: Net CL: 4212847
LogInit: OS: Windows 10 (), CPU: Intel(R) Core(TM) i7-4790K CPU @ 4.00GHz, GPU: NVIDIA GeForce GTX 970
LogInit: Compiled (64-bit): Aug 21 2018 02:06:06
LogInit: Compiled with Visual C++: 19.13.26129.00
LogInit: Build Configuration: Development
LogInit: Branch Name: ++UE4+Release-4.20
LogInit: Command Line:  
LogInit: Base Directory: C:/Program Files/Epic Games/UE_4.20/Engine/Binaries/Win64/
LogInit: Installed Engine Build: 1
LogDevObjectVersion: Number of dev versions registered: 20
LogDevObjectVersion:   Dev-Blueprints (B0D832E4-1F89-4F0D-ACCF-7EB736FD4AA2): 10
LogDevObjectVersion:   Dev-Build (E1C64328-A22C-4D53-A36C-8E866417BD8C): 0
LogDevObjectVersion:   Dev-Core (375EC13C-06E4-48FB-B500-84F0262A717E): 2
LogDevObjectVersion:   Dev-Editor (E4B068ED-F494-42E9-A231-DA0B2E46BB41): 24
LogDevObjectVersion:   Dev-Framework (CFFC743F-43B0-4480-9391-14DF171D2073): 34
LogDevObjectVersion:   Dev-Mobile (B02B49B5-BB20-44E9-A304-32B752E40360): 2
LogDevObjectVersion:   Dev-Networking (A4E4105C-59A1-49B5-A7C5-40C4547EDFEE): 0
LogDevObjectVersion:   Dev-Online (39C831C9-5AE6-47DC-9A44-9C173E1C8E7C): 0
LogDevObjectVersion:   Dev-Physics (78F01B33-EBEA-4F98-B9B4-84EACCB95AA2): 0
LogDevObjectVersion:   Dev-Platform (6631380F-2D4D-43E0-8009-CF276956A95A): 0
LogDevObjectVersion:   Dev-Rendering (12F88B9F-8875-4AFC-A67C-D90C383ABD29): 26
LogDevObjectVersion:   Dev-Sequencer (7B5AE74C-D270-4C10-A958-57980B212A5A): 9
LogDevObjectVersion:   Dev-VR (D7296918-1DD6-4BDD-9DE2-64A83CC13884): 2
LogDevObjectVersion:   Dev-LoadTimes (C2A15278-BFE7-4AFE-6C17-90FF531DF755): 1
LogDevObjectVersion:   Private-Geometry (6EACA3D4-40EC-4CC1-B786-8BED09428FC5): 3
LogDevObjectVersion:   Dev-AnimPhys (29E575DD-E0A3-4627-9D10-D276232CDCEA): 17
LogDevObjectVersion:   Dev-ReflectionCapture (6B266CEC-1EC7-4B8F-A30B-E4D90942FC07): 1
LogDevObjectVersion:   Dev-Automation (0DF73D61-A23F-47EA-B727-89E90C41499A): 1
LogDevObjectVersion:   FortniteMain (601D1886-AC64-4F84-AA16-D3DE0DEAC7D6): 12
LogDevObjectVersion:   Dev-Enterprise (9DFFBCD6-494F-0158-E221-12823C92A888): 1
LogStreaming: Display: Took  0.000s to delete old logs.
LogInit: Presizing for max 8388607 objects, including 0 objects not considered by GC, pre-allocating 0 bytes for permanent pool.
LogInit: Object subsystem initialized
[2018.09.09-02.09.52:830][  0]LogInit: Selected Device Profile: [Windows]
[2018.09.09-02.09.52:830][  0]LogInit: Applying CVar settings loaded from the selected device profile: [Windows]
[2018.09.09-02.09.52:843][  0]LogHAL: Display: Platform has ~ 32 GB [34297102336 / 34359738368 / 32], which maps to Largest [LargestMinGB=32, LargerMinGB=12, DefaultMinGB=8, SmallerMinGB=6, SmallestMinGB=0)
[2018.09.09-02.09.52:843][  0]LogInit: Setting Device Profile CVar: [[r.Vulkan.UseRealUBs:1]]
[2018.09.09-02.09.52:843][  0]LogInit: Going up to parent DeviceProfile []
[2018.09.09-02.09.52:843][  0]LogInit: Computer: CHAKLONG
[2018.09.09-02.09.52:843][  0]LogInit: User: ChakLong
[2018.09.09-02.09.52:843][  0]LogInit: CPU Page size=4096, Cores=4
[2018.09.09-02.09.52:843][  0]LogInit: High frequency timer resolution =3.906246 MHz
[2018.09.09-02.09.52:844][  0]LogMemory: Memory total: Physical=31.9GB (32GB approx)
[2018.09.09-02.09.52:844][  0]LogMemory: Platform Memory Stats for Windows
[2018.09.09-02.09.52:844][  0]LogMemory: Process Physical Memory: 100.32 MB used, 100.32 MB peak
[2018.09.09-02.09.52:844][  0]LogMemory: Process Virtual Memory: 91.13 MB used, 91.13 MB peak
[2018.09.09-02.09.52:844][  0]LogMemory: Physical Memory: 12202.73 MB used,  20505.53 MB free, 32708.27 MB total
[2018.09.09-02.09.52:844][  0]LogMemory: Virtual Memory: 4645.17 MB used,  20505.53 MB free, 134217728.00 MB total
[2018.09.09-02.09.52:863][  0]LogInit: Using OS detected language (en-US).
[2018.09.09-02.09.52:863][  0]LogInit: Using OS detected locale (en-US).
[2018.09.09-02.09.52:863][  0]LogTextLocalizationManager: No specific localization for 'en-US' exists, so the 'en' localization will be used.
[2018.09.09-02.09.53:227][  0]LogStreaming: Display: Took  0.364s to InitEngineTextLocalization.
[2018.09.09-02.09.53:227][  0]LogInit: Setting process to per monitor DPI aware
[2018.09.09-02.09.53:305][  0]LogSlate: New Slate User Created.  User Index 0, Is Virtual User: 0
[2018.09.09-02.09.53:305][  0]LogSlate: Slate User Registered.  User Index 0, Is Virtual User: 0
[2018.09.09-02.09.53:546][  0]LogHMD: Failed to initialize OpenVR with code 126
[2018.09.09-02.09.53:546][  0]LogD3D11RHI: D3D11 adapters:
[2018.09.09-02.09.53:854][  0]LogD3D11RHI:    0. 'NVIDIA GeForce GTX 970' (Feature Level 11_0)
[2018.09.09-02.09.53:854][  0]LogD3D11RHI:       3949/0/16354 MB DedicatedVideo/DedicatedSystem/SharedSystem, Outputs:3, VendorId:0x10de
[2018.09.09-02.09.53:859][  0]LogD3D11RHI:    1. 'Microsoft Basic Render Driver' (Feature Level 11_0)
[2018.09.09-02.09.53:859][  0]LogD3D11RHI:       0/0/16354 MB DedicatedVideo/DedicatedSystem/SharedSystem, Outputs:0, VendorId:0x1414
[2018.09.09-02.09.53:859][  0]LogD3D11RHI: Chosen D3D11 Adapter: 0
[2018.09.09-02.09.53:867][  0]LogD3D11RHI: Creating new Direct3DDevice
[2018.09.09-02.09.53:867][  0]LogD3D11RHI:     GPU DeviceId: 0x13c2 (for the marketing name, search the web for "GPU Device Id")
[2018.09.09-02.09.53:867][  0]LogWindows: EnumDisplayDevices:
[2018.09.09-02.09.53:867][  0]LogWindows:    0. 'NVIDIA GeForce GTX 970' (P:1 D:1)
[2018.09.09-02.09.53:868][  0]LogWindows:    1. 'NVIDIA GeForce GTX 970' (P:0 D:1)
[2018.09.09-02.09.53:868][  0]LogWindows:    2. 'NVIDIA GeForce GTX 970' (P:0 D:1)
[2018.09.09-02.09.53:868][  0]LogWindows:    3. 'NVIDIA GeForce GTX 970' (P:0 D:0)
[2018.09.09-02.09.53:868][  0]LogWindows: DebugString: FoundDriverCount:4 
[2018.09.09-02.09.53:868][  0]LogD3D11RHI:     Adapter Name: NVIDIA GeForce GTX 970
[2018.09.09-02.09.53:868][  0]LogD3D11RHI:   Driver Version: 398.82 (internal:24.21.13.9882, unified:398.82)
[2018.09.09-02.09.53:868][  0]LogD3D11RHI:      Driver Date: 7-30-2018
[2018.09.09-02.09.53:868][  0]LogRHI: Texture pool is 2764 MB (70% of 3949 MB)
[2018.09.09-02.09.53:912][  0]LogD3D11RHI: Async texture creation enabled
[2018.09.09-02.09.53:951][  0]LogD3D11RHI: GPU Timing Frequency: 1000.000000 (Debug: 2 3)
[2018.09.09-02.09.54:059][  0]LogShaderCompilers: Guid format shader working directory is -34 characters bigger than the processId version (../../../../../../Users/ChakLong/Documents/GitHub/ContainmentFacilityArchitect/CFA/Intermediate/Shaders/WorkingDirectory/11800/).
[2018.09.09-02.09.54:059][  0]LogShaderCompilers: Cleaned the shader compiler working directory 'C:/Users/ChakLong/AppData/Local/Temp/UnrealShaderWorkingDir/9B80D75A4500DCF9F2DBA6AAC0AC924E/'.
[2018.09.09-02.09.54:322][  0]LogTemp: Display: Loaded TP AllDesktopTargetPlatform
[2018.09.09-02.09.54:335][  0]LogTemp: Display: Loaded TP MacClientTargetPlatform
[2018.09.09-02.09.54:348][  0]LogTemp: Display: Loaded TP MacNoEditorTargetPlatform
[2018.09.09-02.09.54:363][  0]LogTemp: Display: Loaded TP MacServerTargetPlatform
[2018.09.09-02.09.54:378][  0]LogTemp: Display: Loaded TP MacTargetPlatform
[2018.09.09-02.09.54:393][  0]LogTemp: Display: Loaded TP WindowsClientTargetPlatform
[2018.09.09-02.09.54:407][  0]LogTemp: Display: Loaded TP WindowsNoEditorTargetPlatform
[2018.09.09-02.09.54:421][  0]LogTemp: Display: Loaded TP WindowsServerTargetPlatform
[2018.09.09-02.09.54:428][  0]LogTemp: Display: Loaded TP WindowsTargetPlatform
[2018.09.09-02.09.54:502][  0]LogTemp: Display: Loaded TP AndroidTargetPlatform
[2018.09.09-02.09.54:502][  0]LogTemp: Display: Loaded TP AndroidTargetPlatform
[2018.09.09-02.09.54:502][  0]LogTemp: Display: Loaded TP AndroidTargetPlatform
[2018.09.09-02.09.54:502][  0]LogTemp: Display: Loaded TP AndroidTargetPlatform
[2018.09.09-02.09.54:502][  0]LogTemp: Display: Loaded TP AndroidTargetPlatform
[2018.09.09-02.09.54:502][  0]LogTemp: Display: Loaded TP AndroidTargetPlatform
[2018.09.09-02.09.54:502][  0]LogTemp: Display: Loaded TP AndroidTargetPlatform
[2018.09.09-02.09.54:502][  0]LogTemp: Display: Loaded TP AndroidTargetPlatform
[2018.09.09-02.09.54:502][  0]LogTemp: Display: Loaded TP AndroidTargetPlatform
[2018.09.09-02.09.54:502][  0]LogTemp: Display: Loaded TP AndroidTargetPlatform
[2018.09.09-02.09.54:502][  0]LogTemp: Display: Loaded TP AndroidTargetPlatform
[2018.09.09-02.09.54:502][  0]LogTemp: Display: Loaded TP AndroidTargetPlatform
[2018.09.09-02.09.54:502][  0]LogTemp: Display: Loaded TP AndroidTargetPlatform
[2018.09.09-02.09.54:502][  0]LogTemp: Display: Loaded TP AndroidTargetPlatform
[2018.09.09-02.09.54:502][  0]LogTemp: Display: Loaded TP AndroidTargetPlatform
[2018.09.09-02.09.54:502][  0]LogTemp: Display: Loaded TP AndroidTargetPlatform
[2018.09.09-02.09.54:502][  0]LogTemp: Display: Loaded TP AndroidTargetPlatform
[2018.09.09-02.09.54:502][  0]LogTemp: Display: Loaded TP AndroidTargetPlatform
[2018.09.09-02.09.54:503][  0]LogTemp: Display: Loaded TP HTML5TargetPlatform
[2018.09.09-02.09.54:561][  0]LogTemp: Display: Loaded TP IOSTargetPlatform
[2018.09.09-02.09.54:561][  0]LogTemp: Display: Loaded TP IOSTargetPlatform
[2018.09.09-02.09.54:582][  0]LogTemp: Display: Loaded TP TVOSTargetPlatform
[2018.09.09-02.09.54:582][  0]LogTemp: Display: Loaded TP TVOSTargetPlatform
[2018.09.09-02.09.54:597][  0]LogTemp: Display: Loaded TP LinuxClientTargetPlatform
[2018.09.09-02.09.54:614][  0]LogTemp: Display: Loaded TP LinuxNoEditorTargetPlatform
[2018.09.09-02.09.54:625][  0]LogTemp: Display: Loaded TP LinuxServerTargetPlatform
[2018.09.09-02.09.54:637][  0]LogTemp: Display: Loaded TP LinuxTargetPlatform
[2018.09.09-02.09.54:644][  0]LogTemp: Display: Loaded TP LuminTargetPlatform
[2018.09.09-02.09.54:644][  0]LogTargetPlatformManager: Display: Building Assets For Windows
[2018.09.09-02.09.54:690][  0]LogXGEController: Cannot use XGE Controller as Incredibuild is not installed on this machine.
[2018.09.09-02.09.54:690][  0]LogShaderCompilers: Cannot use XGE Shader Compiler as Incredibuild is not installed on this machine.
[2018.09.09-02.09.54:690][  0]LogShaderCompilers: Display: Using Local Shader Compiler.
[2018.09.09-02.09.55:361][  0]LogDerivedDataCache: Display: Max Cache Size: 512 MB
[2018.09.09-02.09.55:415][  0]LogDerivedDataCache: Loaded boot cache 0.05s 87MB C:/Users/ChakLong/AppData/Local/UnrealEngine/4.20/DerivedDataCache/Boot.ddc.
[2018.09.09-02.09.55:416][  0]LogDerivedDataCache: Display: Loaded Boot cache: C:/Users/ChakLong/AppData/Local/UnrealEngine/4.20/DerivedDataCache/Boot.ddc
[2018.09.09-02.09.55:416][  0]LogDerivedDataCache: FDerivedDataBackendGraph:  Pak pak cache file ../../../../../../Users/ChakLong/Documents/GitHub/ContainmentFacilityArchitect/CFA/DerivedDataCache/DDC.ddp not found, will not use a pak cache.
[2018.09.09-02.09.55:416][  0]LogDerivedDataCache: Unable to find inner node Pak for hierarchical cache Hierarchy.
[2018.09.09-02.09.55:416][  0]LogDerivedDataCache: FDerivedDataBackendGraph:  CompressedPak pak cache file ../../../../../../Users/ChakLong/Documents/GitHub/ContainmentFacilityArchitect/CFA/DerivedDataCache/Compressed.ddp not found, will not use a pak cache.
[2018.09.09-02.09.55:416][  0]LogDerivedDataCache: Unable to find inner node CompressedPak for hierarchical cache Hierarchy.
[2018.09.09-02.09.55:427][  0]LogDerivedDataCache: Display: Pak cache opened for reading ../../../Engine/DerivedDataCache/Compressed.ddp.
[2018.09.09-02.09.55:439][  0]LogDerivedDataCache: Using Local data cache path C:/Users/ChakLong/AppData/Local/UnrealEngine/Common/DerivedDataCache: Writable
[2018.09.09-02.09.55:439][  0]LogDerivedDataCache: Shared data cache path not found in *engine.ini, will not use an Shared cache.
[2018.09.09-02.09.55:439][  0]LogDerivedDataCache: Unable to find inner node Shared for hierarchical cache Hierarchy.
[2018.09.09-02.09.55:455][  0]LogMaterial: Verifying Global Shaders for PCD3D_SM5
[2018.09.09-02.09.55:457][  0]LogSlate: Using FreeType 2.6.0
[2018.09.09-02.09.55:457][  0]LogSlate: SlateFontServices - WITH_FREETYPE: 1, WITH_HARFBUZZ: 1
[2018.09.09-02.09.55:523][  0]LogAssetRegistry: FAssetRegistry took 0.0253 seconds to start up
[2018.09.09-02.09.55:806][  0]LogInit: Selected Device Profile: [Windows]
[2018.09.09-02.09.55:921][  0]LogSimplygon: Simplygon DLL not present - disabling.
[2018.09.09-02.09.55:925][  0]LogMeshReduction: Using SimplygonSwarm for distributed automatic mesh merging
[2018.09.09-02.09.55:925][  0]LogMeshReduction: Using ProxyLODMeshReduction for automatic mesh merging
[2018.09.09-02.09.55:925][  0]LogMeshReduction: Using QuadricMeshReduction for automatic static mesh reduction
[2018.09.09-02.09.55:925][  0]LogMeshReduction: No automatic skeletal mesh reduction module available
[2018.09.09-02.09.55:977][  0]LogNetVersion: CFA 1.0.0, NetCL: 4212847, EngineNetVer: 5, GameNetVer: 0 (Checksum: 2740977465)
[2018.09.09-02.09.56:412][  0]LogPackageLocalizationCache: Processed 11 localized package path(s) for 2 prioritized culture(s) in 0.095018 seconds
[2018.09.09-02.09.56:417][  0]LogUObjectArray: 38425 objects as part of root set at end of initial load.
[2018.09.09-02.09.56:417][  0]LogUObjectAllocator: 6690864 out of 0 bytes used by permanent object pool.
[2018.09.09-02.09.56:417][  0]LogUObjectArray: CloseDisregardForGC: 0/0 objects in disregard for GC pool
[2018.09.09-02.09.57:118][  0]LogTcpMessaging: Initializing TcpMessaging bridge
[2018.09.09-02.09.57:130][  0]LogUdpMessaging: Initializing bridge on interface 0.0.0.0:0 to multicast group 230.0.0.1:6666.
[2018.09.09-02.09.57:261][  0]SourceControl: Source control is disabled
[2018.09.09-02.09.57:261][  0]SourceControl: Source control is disabled
[2018.09.09-02.09.57:262][  0]SourceControl: Source control is disabled
[2018.09.09-02.09.57:263][  0]SourceControl: Source control is disabled
[2018.09.09-02.09.57:418][  0]LogAndroidPermission: UAndroidPermissionCallbackProxy::GetInstance
[2018.09.09-02.09.57:524][  0]LogOcInput: OculusInput pre-init called
[2018.09.09-02.09.57:575][  0]LogEngine: Initializing Engine...
[2018.09.09-02.09.57:595][  0]LogHMD: Failed to initialize OpenVR with code 126
[2018.09.09-02.09.57:596][  0]LogStats: UGameplayTagsManager::ConstructGameplayTagTree: ImportINI prefixes -  0.000 s
[2018.09.09-02.09.57:596][  0]LogStats: UGameplayTagsManager::ConstructGameplayTagTree: Construct from data asset -  0.000 s
[2018.09.09-02.09.57:596][  0]LogStats: UGameplayTagsManager::ConstructGameplayTagTree: ImportINI -  0.000 s
[2018.09.09-02.09.57:596][  0]LogStats: UGameplayTagsManager::ConstructGameplayTagTree: GameplayTagTreeChangedEvent.Broadcast -  0.000 s
[2018.09.09-02.09.57:775][  0]LogInit: Initializing FReadOnlyCVARCache
[2018.09.09-02.09.57:788][  0]LogAIModule: Creating AISystem for world Untitled
[2018.09.09-02.09.57:825][  0]LogInit: XAudio2 using 'Speakers (Sound Blaster X7)' : 6 channels at 48 kHz using 24 bits per sample (channel mask 0x3f)
[2018.09.09-02.09.57:834][  0]LogInit: FAudioDevice initialized.
[2018.09.09-02.09.57:834][  0]LogNetVersion: Set ProjectVersion to 1.0.0.0. Version Checksum will be recalculated on next use.
[2018.09.09-02.09.57:910][  0]LogDerivedDataCache: Saved boot cache 0.08s 87MB C:/Users/ChakLong/AppData/Local/UnrealEngine/4.20/DerivedDataCache/Boot.ddc.
[2018.09.09-02.09.57:917][  0]LogInit: Texture streaming: Enabled
[2018.09.09-02.09.57:931][  0]LogEngineSessionManager: EngineSessionManager initialized
[2018.09.09-02.09.57:942][  0]LogInit: Transaction tracking system initialized
[2018.09.09-02.09.57:957][  0]BlueprintLog: New page: Editor Load
[2018.09.09-02.09.58:019][  0]LocalizationService: Localization service is disabled
[2018.09.09-02.09.58:271][  0]LogCook: Display: Max memory allowance for cook 16384mb min free memory 0mb
[2018.09.09-02.09.58:271][  0]LogCook: Display: Mobile HDR setting 1
[2018.09.09-02.09.58:271][  0]LogGameplayTags: Display: UGameplayTagsManager::DoneAddingNativeTags. DelegateIsBound: 0
[2018.09.09-02.09.58:271][  0]LogStats: UGameplayTagsManager::ConstructGameplayTagTree: ImportINI prefixes -  0.000 s
[2018.09.09-02.09.58:271][  0]LogStats: UGameplayTagsManager::ConstructGameplayTagTree: Construct from data asset -  0.000 s
[2018.09.09-02.09.58:271][  0]LogStats: UGameplayTagsManager::ConstructGameplayTagTree: ImportINI -  0.000 s
[2018.09.09-02.09.58:271][  0]LogStats: UGameplayTagsManager::ConstructGameplayTagTree: GameplayTagTreeChangedEvent.Broadcast -  0.000 s
[2018.09.09-02.09.58:375][  0]LogFileCache: Scanning file cache for directory 'C:/Users/ChakLong/Documents/GitHub/ContainmentFacilityArchitect/CFA/Content/' took 0.02s
[2018.09.09-02.09.58:375][  0]SourceControl: Source control is disabled
[2018.09.09-02.09.58:375][  0]Cmd: MAP LOAD FILE="../../../../../../Users/ChakLong/Documents/GitHub/ContainmentFacilityArchitect/CFA/Content/TopDownBP/Maps/TopDownExampleMap.umap" TEMPLATE=0 SHOWPROGRESS=1 FEATURELEVEL=3
[2018.09.09-02.09.58:376][  0]LightingResults: New page: Lighting Build
[2018.09.09-02.09.58:378][  0]MapCheck: New page: Map Check
[2018.09.09-02.09.58:378][  0]LightingResults: New page: Lighting Build
[2018.09.09-02.09.58:579][  0]LogLinker: Warning: Can't find file '/Game/TopDownBP/Maps/TopDownExampleMap_BuiltData'
[2018.09.09-02.09.58:579][  0]LogLinker: Warning: Can't find file for asset '/Game/TopDownBP/Maps/TopDownExampleMap_BuiltData' while loading ../../../../../../Users/ChakLong/Documents/GitHub/ContainmentFacilityArchitect/CFA/Content/TopDownBP/Maps/TopDownExampleMap.umap.
[2018.09.09-02.09.58:579][  0]LoadErrors: Error: /Game/TopDownBP/Maps/TopDownExampleMap : Can't find file for asset. /Game/TopDownBP/Maps/TopDownExampleMap_BuiltData
[2018.09.09-02.09.58:584][  0]LogLinker: Warning: Can't find file '/Game/TopDownBP/Maps/TopDownExampleMap_BuiltData'
[2018.09.09-02.09.58:584][  0]LogLinker: Warning: Can't find file for asset '/Game/TopDownBP/Maps/TopDownExampleMap_BuiltData' while loading ../../../../../../Users/ChakLong/Documents/GitHub/ContainmentFacilityArchitect/CFA/Content/TopDownBP/Maps/TopDownExampleMap.umap.
[2018.09.09-02.09.58:584][  0]LoadErrors: Error: /Game/TopDownBP/Maps/TopDownExampleMap : Can't find file for asset. /Game/TopDownBP/Maps/TopDownExampleMap_BuiltData
[2018.09.09-02.09.58:586][  0]LogLinker: Warning: Can't find file '/Game/TopDownBP/Maps/TopDownExampleMap_BuiltData'
[2018.09.09-02.09.58:586][  0]LogLinker: Warning: Can't find file for asset '/Game/TopDownBP/Maps/TopDownExampleMap_BuiltData' while loading NULL.
[2018.09.09-02.09.58:586][  0]LogLinker: Warning: Can't find file '/Game/TopDownBP/Maps/TopDownExampleMap_BuiltData'
[2018.09.09-02.09.58:586][  0]LogLinker: Warning: Can't find file for asset '/Game/TopDownBP/Maps/TopDownExampleMap_BuiltData' while loading NULL.
[2018.09.09-02.09.58:635][  0]LogLinker: Warning: Can't find file '/Game/TopDownBP/Maps/TopDownExampleMap_BuiltData'
[2018.09.09-02.09.58:635][  0]LoadErrors: Failed to load /Game/TopDownBP/Maps/TopDownExampleMap_BuiltData.TopDownExampleMap_BuiltData Referenced by PersistentLevel
[2018.09.09-02.09.58:636][  0]LogLinker: Warning: Can't find file for asset '/Game/TopDownBP/Maps/TopDownExampleMap_BuiltData' while loading NULL.
[2018.09.09-02.09.58:636][  0]LoadErrors: Failed to load /Game/TopDownBP/Maps/TopDownExampleMap_BuiltData.TopDownExampleMap_BuiltData Referenced by PersistentLevel
[2018.09.09-02.09.58:767][  0]LogAIModule: Creating AISystem for world TopDownExampleMap
[2018.09.09-02.09.58:777][  0]LogEditorServer: Finished looking for orphan Actors (0.000 secs)
[2018.09.09-02.09.58:798][  0]Cmd: MAP CHECKDEP NOCLEARLOG
[2018.09.09-02.09.58:858][  0]MapCheck: Map check complete: 0 Error(s), 0 Warning(s), took 59.684ms to complete.
[2018.09.09-02.09.58:858][  0]LogFileHelpers: Loading map 'TopDownExampleMap' took 0.483
[2018.09.09-02.09.59:063][  0]LogSlate: Updating window title bar state: overlay mode, drag disabled, window buttons hidden, title bar hidden
[2018.09.09-02.09.59:069][  0]LogSlate: Updating window title bar state: overlay mode, drag disabled, window buttons hidden, title bar hidden
[2018.09.09-02.09.59:076][  0]LogSlate: Updating window title bar state: overlay mode, drag disabled, window buttons hidden, title bar hidden
[2018.09.09-02.09.59:082][  0]LogSlate: Updating window title bar state: overlay mode, drag disabled, window buttons hidden, title bar hidden
[2018.09.09-02.09.59:087][  0]LogCollectionManager: Loaded 0 collections in 0.001145 seconds
[2018.09.09-02.09.59:167][  0]LogFileCache: Scanning file cache for directory 'C:/Users/ChakLong/Documents/GitHub/ContainmentFacilityArchitect/CFA/Saved/Collections/' took 0.01s
[2018.09.09-02.09.59:167][  0]LogFileCache: Scanning file cache for directory 'C:/Users/ChakLong/Documents/GitHub/ContainmentFacilityArchitect/CFA/Content/Developers/ChakLong/Collections/' took 0.01s
[2018.09.09-02.09.59:167][  0]LogFileCache: Scanning file cache for directory 'C:/Users/ChakLong/Documents/GitHub/ContainmentFacilityArchitect/CFA/Content/Collections/' took 0.01s
[2018.09.09-02.09.59:167][  0]LogCollectionManager: Rebuilt the GUID cache for 0 collections in 0.000001 seconds
[2018.09.09-02.09.59:175][  0]LogContentBrowser: Native class hierarchy populated in 0.0083 seconds. Added 2572 classes and 603 folders.
[2018.09.09-02.09.59:182][  0]LogContentBrowser: Native class hierarchy updated for 'WidgetCarousel' in 0.0003 seconds. Added 0 classes and 0 folders.
[2018.09.09-02.09.59:218][  0]LogContentBrowser: Native class hierarchy updated for 'AddContentDialog' in 0.0003 seconds. Added 0 classes and 0 folders.
[2018.09.09-02.09.59:223][  0]LogContentBrowser: Native class hierarchy updated for 'SceneOutliner' in 0.0004 seconds. Added 1 classes and 2 folders.
[2018.09.09-02.09.59:287][  0]LogSlate: Took 0.000174 seconds to synchronously load lazily loaded font '../../../Engine/Content/Slate/Fonts/Roboto-Regular.ttf' (155K)
[2018.09.09-02.09.59:289][  0]LogSlate: Took 0.000173 seconds to synchronously load lazily loaded font '../../../Engine/Content/Slate/Fonts/Roboto-Bold.ttf' (160K)
[2018.09.09-02.09.59:294][  0]LogSlate: Took 0.000146 seconds to synchronously load lazily loaded font '../../../Engine/Content/Editor/Slate/Fonts/FontAwesome.ttf' (139K)
[2018.09.09-02.09.59:365][  0]LogRenderer: Reallocating scene render targets to support 1696x784 Format 10 NumSamples 1 (Frame:1).
[2018.09.09-02.09.59:583][  0]LogContentBrowser: Native class hierarchy updated for 'HierarchicalLODOutliner' in 0.0002 seconds. Added 0 classes and 0 folders.
[2018.09.09-02.09.59:583][  0]LogLoad: (Engine Initialization) Total time: 8.18 seconds
[2018.09.09-02.09.59:583][  0]LogLoad: (Engine Initialization) Total Blueprint compile time: 0.00 seconds
[2018.09.09-02.09.59:594][  0]LogWindowsTextInputMethodSystem: Display: IME system now deactivated.
[2018.09.09-02.09.59:627][  0]LogContentStreaming: Texture pool size now 3000 MB
[2018.09.09-02.09.59:673][  0]LogSlate: FSceneViewport::OnFocusLost() reason 2
[2018.09.09-02.09.59:720][  1]LogFileCache: Retrieving MD5 hashes for directory 'C:/Users/ChakLong/Documents/GitHub/ContainmentFacilityArchitect/CFA/Content/' took 0.11s
[2018.09.09-02.09.59:775][  1]LogAssetRegistry: Asset discovery search completed in 4.2731 seconds
[2018.09.09-02.09.59:776][  1]LogCollectionManager: Rebuilt the object cache for 0 collections in 0.000000 seconds (found 0 objects)
[2018.09.09-02.09.59:776][  1]LogCollectionManager: Fixed up redirectors for 0 collections in 0.000034 seconds (updated 0 objects)
[2018.09.09-02.10.04:727][578]LogSlate: Window 'Message Log' being destroyed
[2018.09.09-02.10.04:730][578]LogSlate: Window 'Message Log' being destroyed
[2018.09.09-02.10.06:569][785]LogSlate: FSceneViewport::OnFocusLost() reason 0
[2018.09.09-02.10.07:585][897]LogSlate: Took 0.000187 seconds to synchronously load lazily loaded font '../../../Engine/Content/Slate/Fonts/Roboto-Light.ttf' (167K)
[2018.09.09-02.10.08:067][897]LogAIModule: Creating AISystem for world ArtTestLevel
[2018.09.09-02.10.08:094][897]LogAssetEditorManager: Opening Asset editor for World /Game/Maps/ArtTestLevel.ArtTestLevel
[2018.09.09-02.10.08:117][897]Cmd: MAP LOAD FILE="../../../../../../Users/ChakLong/Documents/GitHub/ContainmentFacilityArchitect/CFA/Content/Maps/ArtTestLevel.umap" TEMPLATE=0 SHOWPROGRESS=1 FEATURELEVEL=3
[2018.09.09-02.10.08:117][897]LightingResults: New page: Lighting Build
[2018.09.09-02.10.08:118][897]LoadErrors: New page: Loading map: ArtTestLevel.umap
[2018.09.09-02.10.08:119][897]MapCheck: New page: Map Check
[2018.09.09-02.10.08:120][897]LightingResults: New page: Lighting Build
[2018.09.09-02.10.08:373][897]LogEditorServer: Finished looking for orphan Actors (0.000 secs)
[2018.09.09-02.10.08:453][897]Cmd: MAP CHECKDEP NOCLEARLOG
[2018.09.09-02.10.08:534][897]MapCheck: Map check complete: 0 Error(s), 0 Warning(s), took 80.805ms to complete.
[2018.09.09-02.10.08:534][897]LogFileHelpers: Loading map 'ArtTestLevel' took 0.418
[2018.09.09-02.10.10:147][ 46]LogTemp: Repeating last play command: Selected Viewport
[2018.09.09-02.10.10:169][ 46]LogBlueprintUserMessages: Early PlayInEditor Detection: Level '/Game/Maps/ArtTestLevel.ArtTestLevel:PersistentLevel' has LevelScriptBlueprint '/Game/Maps/ArtTestLevel.ArtTestLevel:PersistentLevel.ArtTestLevel' with GeneratedClass '/Game/Maps/ArtTestLevel.ArtTestLevel_C' with ClassGeneratedBy '/Game/Maps/ArtTestLevel.ArtTestLevel:PersistentLevel.ArtTestLevel'
[2018.09.09-02.10.10:169][ 46]LogPlayLevel: PlayLevel: No blueprints needed recompiling
[2018.09.09-02.10.10:181][ 46]PIE: New page: PIE session: ArtTestLevel (Sep 8, 2018, 2:10:10 PM)
[2018.09.09-02.10.10:181][ 46]LogPlayLevel: Creating play world package: /Game/Maps/UEDPIE_0_ArtTestLevel
[2018.09.09-02.10.10:226][ 46]LogPlayLevel: PIE: StaticDuplicateObject took: (0.044915s)
[2018.09.09-02.10.10:226][ 46]LogAIModule: Creating AISystem for world ArtTestLevel
[2018.09.09-02.10.10:227][ 46]LogPlayLevel: PIE: World Init took: (0.000613s)
[2018.09.09-02.10.10:227][ 46]LogPlayLevel: PIE: Created PIE world by copying editor world from /Game/Maps/ArtTestLevel.ArtTestLevel to /Game/Maps/UEDPIE_0_ArtTestLevel.ArtTestLevel (0.045764s)
[2018.09.09-02.10.10:270][ 46]LogInit: XAudio2 using 'Speakers (Sound Blaster X7)' : 6 channels at 48 kHz using 24 bits per sample (channel mask 0x3f)
[2018.09.09-02.10.10:274][ 46]LogInit: FAudioDevice initialized.
[2018.09.09-02.10.10:315][ 46]LogLoad: Game class is 'TopDownGameMode_C'
[2018.09.09-02.10.10:326][ 46]LogWorld: Bringing World /Game/Maps/UEDPIE_0_ArtTestLevel.ArtTestLevel up for play (max tick rate 0) at 2018.09.08-20.10.10
[2018.09.09-02.10.10:326][ 46]LogWorld: Bringing up level for play took: 0.010308
[2018.09.09-02.10.10:343][ 46]LogContentBrowser: Native class hierarchy updated for 'MovieSceneCapture' in 0.0003 seconds. Added 10 classes and 0 folders.
[2018.09.09-02.10.10:345][ 46]PIE: Play in editor start time for /Game/Maps/UEDPIE_0_ArtTestLevel -0.126
[2018.09.09-02.10.10:345][ 46]LogBlueprintUserMessages: Late PlayInEditor Detection: Level '/Game/Maps/ArtTestLevel.ArtTestLevel:PersistentLevel' has LevelScriptBlueprint '/Game/Maps/ArtTestLevel.ArtTestLevel:PersistentLevel.ArtTestLevel' with GeneratedClass '/Game/Maps/ArtTestLevel.ArtTestLevel_C' with ClassGeneratedBy '/Game/Maps/ArtTestLevel.ArtTestLevel:PersistentLevel.ArtTestLevel'
[2018.09.09-02.10.14:293][505]LogBlueprintUserMessages: Early EndPlayMap Detection: Level '/Game/Maps/ArtTestLevel.ArtTestLevel:PersistentLevel' has LevelScriptBlueprint '/Game/Maps/ArtTestLevel.ArtTestLevel:PersistentLevel.ArtTestLevel' with GeneratedClass '/Game/Maps/ArtTestLevel.ArtTestLevel_C' with ClassGeneratedBy '/Game/Maps/ArtTestLevel.ArtTestLevel:PersistentLevel.ArtTestLevel'
[2018.09.09-02.10.14:293][505]LogSlate: Updating window title bar state: overlay mode, drag disabled, window buttons hidden, title bar hidden
[2018.09.09-02.10.14:325][505]LogPlayLevel: Display: Shutting down PIE online subsystems
[2018.09.09-02.10.14:326][505]LogBlueprintUserMessages: Late EndPlayMap Detection: Level '/Game/Maps/ArtTestLevel.ArtTestLevel:PersistentLevel' has LevelScriptBlueprint '/Game/Maps/ArtTestLevel.ArtTestLevel:PersistentLevel.ArtTestLevel' with GeneratedClass '/Game/Maps/ArtTestLevel.ArtTestLevel_C' with ClassGeneratedBy '/Game/Maps/ArtTestLevel.ArtTestLevel:PersistentLevel.ArtTestLevel'
[2018.09.09-02.10.14:344][505]LogSlate: Updating window title bar state: overlay mode, drag disabled, window buttons hidden, title bar hidden
[2018.09.09-02.10.14:393][507]LogPlayLevel: Display: Destroying online subsystem :Context_1
[2018.09.09-02.10.18:578][968]LogEditorViewport: Clicking on Actor (LMB): StaticMeshActor (BasicWallLong13)
[2018.09.09-02.10.19:206][996]LogEditorViewport: Clicking on Actor (CTRL LMB): StaticMeshActor (BasicWallLong9)
[2018.09.09-02.10.25:397][699]LogSlate: FSceneViewport::OnFocusLost() reason 0
[2018.09.09-02.10.35:861][826]LogEditorViewport: Clicking on Actor (LMB): StaticMeshActor (BasicWallLong69)
[2018.09.09-02.10.36:299][857]Cmd: DELETE
[2018.09.09-02.10.36:299][857]Cmd: ACTOR DELETE
[2018.09.09-02.10.36:310][857]LogEditorActor: Deleted Actor: StaticMeshActor
[2018.09.09-02.10.36:329][857]LogEditorActor: Deleted 1 Actors (0.030 secs)
[2018.09.09-02.10.36:691][891]LogEditorViewport: Clicking on Actor (LMB): StaticMeshActor (BasicWallLong68)
[2018.09.09-02.10.36:787][893]Cmd: DELETE
[2018.09.09-02.10.36:787][893]Cmd: ACTOR DELETE
[2018.09.09-02.10.36:797][893]LogEditorActor: Deleted Actor: StaticMeshActor
[2018.09.09-02.10.36:814][893]LogEditorActor: Deleted 1 Actors (0.027 secs)
[2018.09.09-02.10.37:388][960]LogEditorViewport: Clicking on Actor (LMB): StaticMeshActor (BasicWallLong71)
[2018.09.09-02.10.37:643][983]LogEditorViewport: Clicking on Actor (LMB): StaticMeshActor (BasicWallLong73)
[2018.09.09-02.10.37:967][ 14]LogEditorViewport: Clicking on Actor (LMB): StaticMeshActor (BasicWallLong28)
[2018.09.09-02.10.38:384][ 55]LogEditorViewport: Clicking on Actor (LMB): StaticMeshActor (BasicWallLong72)
[2018.09.09-02.10.39:739][169]LogEditorViewport: Clicking on Actor (LMB): StaticMeshActor (BasicWallLong10)
[2018.09.09-02.10.45:517][788]LogEditorViewport: Clicking on Actor (LMB): StaticMeshActor (AirlockLarge_polySurface31)
[2018.09.09-02.10.49:454][160]Cmd: TRANSACTION UNDO
[2018.09.09-02.10.49:454][160]LogEditorTransaction: Undo Scale Actors
[2018.09.09-02.10.52:440][470]LogEditorViewport: Clicking on Actor (LMB): StaticMeshActor (AirlockLarge_polySurface30)
[2018.09.09-02.10.57:003][947]LogEditorViewport: Clicking on Actor (LMB): StaticMeshActor (AirlockLarge_polySurface32)
[2018.09.09-02.11.02:246][408]LogSlate: FSceneViewport::OnFocusLost() reason 0
[2018.09.09-02.11.15:965][930]LogEditorViewport: Clicking on Actor (LMB): StaticMeshActor (AirlockLarge_polySurface30)
[2018.09.09-02.11.20:618][405]LogEditorViewport: Clicking on Actor (CTRL LMB): StaticMeshActor (AirlockLarge_polySurface32)
[2018.09.09-02.11.20:934][422]LogEditorViewport: Clicking on Actor (CTRL LMB): StaticMeshActor (AirlockLarge_polySurface31)
[2018.09.09-02.11.26:647][ 45]LogEditorViewport: Clicking on Actor (LMB): StaticMeshActor (AirlockLarge_polySurface34)
[2018.09.09-02.11.26:876][ 63]Cmd: DELETE
[2018.09.09-02.11.26:876][ 63]Cmd: ACTOR DELETE
[2018.09.09-02.11.26:887][ 63]LogEditorActor: Deleted Actor: StaticMeshActor
[2018.09.09-02.11.26:905][ 63]LogEditorActor: Deleted 1 Actors (0.028 secs)
[2018.09.09-02.11.32:029][650]LogEditorViewport: Clicking on Actor (LMB): StaticMeshActor (BasicWallLong12)
[2018.09.09-02.11.33:468][785]LogSlate: FSceneViewport::OnFocusLost() reason 0
[2018.09.09-02.11.48:161][705]LogActorFactory: Actor Factory created BasicWall
[2018.09.09-02.11.49:466][834]LogActorFactory: Actor Factory created BasicWall
[2018.09.09-02.11.51:552][ 10]LogSlate: FSceneViewport::OnFocusLost() reason 0
[2018.09.09-02.12.02:223][976]LogEditorViewport: Clicking on Actor (LMB): StaticMeshActor (BasicWallLong12)
[2018.09.09-02.12.03:242][ 38]LogSlate: FSceneViewport::OnFocusLost() reason 0
[2018.09.09-02.12.04:939][137]LogEditorViewport: Clicking on Actor (LMB): StaticMeshActor (BasicWall)
[2018.09.09-02.12.06:699][296]LogEditorViewport: Clicking on Actor (LMB): Landscape (Landscape2)
[2018.09.09-02.12.07:906][378]LogEditorViewport: Clicking on Actor (LMB): StaticMeshActor (BasicWall)
[2018.09.09-02.12.24:587][ 70]LogSlate: FSceneViewport::OnFocusLost() reason 0
[2018.09.09-02.12.29:285][548]LogEditorViewport: Clicking on Actor (LMB): Landscape (Landscape2)
[2018.09.09-02.12.32:891][879]LogEditorViewport: Clicking on Actor (LMB): Landscape (Landscape2)
[2018.09.09-02.12.33:543][946]LogEditorViewport: Clicking on Actor (LMB): StaticMeshActor (WallLight3)
[2018.09.09-02.12.35:579][125]LogEditorViewport: Clicking on Actor (CTRL LMB): StaticMeshActor (WallLight2)
[2018.09.09-02.12.37:264][271]LogSlate: FSceneViewport::OnFocusLost() reason 0
[2018.09.09-02.12.38:889][447]LogEditorViewport: Clicking on Actor (CTRL LMB): DecalActor (CautionSign)
[2018.09.09-02.12.39:624][528]LogEditorViewport: Clicking on Actor (CTRL LMB): DecalActor (CautionSign3)
[2018.09.09-02.12.40:347][608]LogEditorViewport: Clicking on Actor (CTRL LMB): PointLight (PointLight)
[2018.09.09-02.12.40:748][650]LogEditorViewport: Clicking on Actor (CTRL LMB): DirectionalLight (DirectionalLight)
[2018.09.09-02.12.49:479][364]LogEditorViewport: Clicking on Actor (LMB): StaticMeshActor (AirlockLarge_polySurface32)
[2018.09.09-02.12.49:881][379]LogEditorViewport: Clicking on Actor (CTRL LMB): StaticMeshActor (AirlockLarge_polySurface31)
[2018.09.09-02.12.54:349][662]LogEditorViewport: Clicking on Actor (LMB): Landscape (Landscape2)
[2018.09.09-02.13.08:561][878]LogEditorViewport: Clicking on Actor (LMB): DirectionalLight (DirectionalLight)
[2018.09.09-02.13.15:211][403]LogSlate: FSceneViewport::OnFocusLost() reason 0
[2018.09.09-02.13.15:563][429]LogSlate: Took 0.000199 seconds to synchronously load lazily loaded font '../../../Engine/Content/Slate/Fonts/Roboto-Italic.ttf' (157K)
[2018.09.09-02.13.22:340][ 41]LogSlate: FSceneViewport::OnFocusLost() reason 0
[2018.09.09-02.13.24:488][269]LogSlate: FSceneViewport::OnFocusLost() reason 0
[2018.09.09-02.13.34:488][276]LogSlate: FSceneViewport::OnFocusLost() reason 0
[2018.09.09-02.13.45:168][ 58]Cmd: DELETE
[2018.09.09-02.13.45:168][ 58]Cmd: ACTOR DELETE
[2018.09.09-02.13.45:180][ 58]LogEditorActor: Deleted Actor: RectLight
[2018.09.09-02.13.45:198][ 58]LogEditorActor: Deleted 1 Actors (0.029 secs)
[2018.09.09-02.13.46:785][181]LogSlate: FSceneViewport::OnFocusLost() reason 0
[2018.09.09-02.13.59:742][258]LogSlate: FSceneViewport::OnFocusLost() reason 0
[2018.09.09-02.14.14:728][498]LogEditorViewport: Clicking on Actor (LMB): SkeletalMeshActor (SK_Mannequin)
[2018.09.09-02.14.23:925][171]LogEditorViewport: Clicking on Actor (LMB): Landscape (Landscape2)
[2018.09.09-02.14.29:778][605]Cmd: TRANSACTION UNDO
[2018.09.09-02.14.29:778][605]LogEditorTransaction: Undo Clicking on Actors
[2018.09.09-02.14.34:830][922]LogEditorViewport: Clicking on Actor (LMB): Landscape (Landscape2)
[2018.09.09-02.14.43:695][588]LogEditorViewport: Clicking on Actor (LMB): PointLight (PointLight2)
[2018.09.09-02.14.44:538][651]LogEditorViewport: Clicking on Actor (CTRL LMB): StaticMeshActor (WallLight2)
[2018.09.09-02.14.50:085][ 71]LogEditorViewport: Clicking on Actor (LMB): PointLight (PointLight3)
[2018.09.09-02.14.50:769][111]LogEditorViewport: Clicking on Actor (CTRL LMB): StaticMeshActor (WallLight3)
[2018.09.09-02.14.56:566][566]LogEditorViewport: Clicking on Actor (LMB): SkeletalMeshActor (SK_Mannequin4)
[2018.09.09-02.15.00:281][851]LogEditorViewport: Clicking on Actor (LMB): SkeletalMeshActor (SK_Mannequin3)
[2018.09.09-02.15.02:204][996]LogEditorViewport: Clicking on Actor (LMB): Landscape (Landscape2)
[2018.09.09-02.15.16:493][ 67]LogEditorViewport: Clicking on Actor (LMB): StaticMeshActor (FloorPanel6)
[2018.09.09-02.15.17:643][121]LogEditorViewport: Clicking on Actor (LMB): StaticMeshActor (FloorPanel5)
[2018.09.09-02.15.24:971][681]LogEditorViewport: Clicking on Actor (LMB): StaticMeshActor (FloorPanel106)
[2018.09.09-02.15.28:238][944]LogEditorViewport: Clicking on Actor (LMB): StaticMeshActor (FloorPanel25)
[2018.09.09-02.15.30:962][170]LogEditorViewport: Clicking on Actor (LMB): StaticMeshActor (FloorTileSmall3)
[2018.09.09-02.15.31:770][238]LogEditorViewport: Clicking on Actor (CTRL LMB): StaticMeshActor (FloorTileSmall41)
[2018.09.09-02.15.37:174][701]LogEditorViewport: Clicking on Actor (LMB): StaticMeshActor (FloorPanel110)
[2018.09.09-02.15.51:397][962]LogSlate: FSceneViewport::OnFocusLost() reason 2
[2018.09.09-02.16.04:714][441]LogSlate: FSceneViewport::OnFocusLost() reason 2
[2018.09.09-02.16.05:792][543]LogSlate: FSceneViewport::OnFocusLost() reason 2
[2018.09.09-02.16.06:534][543]LogSavePackage: Moving '../../../../../../Users/ChakLong/Documents/GitHub/ContainmentFacilityArchitect/CFA/Saved/ArtTestLevel155E44B34E63451FDFEB07A053FDED0D.tmp' to '../../../../../../Users/ChakLong/Documents/GitHub/ContainmentFacilityArchitect/CFA/Content/Maps/ArtTestLevel.umap'
[2018.09.09-02.16.06:572][543]LogFileHelpers: Saving map 'ArtTestLevel' took 0.772
[2018.09.09-02.40.31:480][ 10]LogEditorViewport: Clicking on Actor (LMB): StaticMeshActor (FloorPanel103)
[2018.09.09-02.40.36:853][471]LogEditorViewport: Clicking on Actor (LMB): StaticMeshActor (AirlockLarge_polySurface32)
[2018.09.09-02.51.03:699][394]LogSlate: FSceneViewport::OnFocusLost() reason 0
[2018.09.09-02.51.03:877][403]LogSlate: Window 'CFA - Unreal Editor' being destroyed
[2018.09.09-02.51.04:096][404]Cmd: QUIT_EDITOR
[2018.09.09-02.51.04:134][404]LogWindowsTextInputMethodSystem: Display: IME system now deactivated.
[2018.09.09-02.51.04:145][404]LogExit: Preparing to exit.
[2018.09.09-02.51.05:229][404]LogExit: Editor shut down
[2018.09.09-02.51.05:229][404]LogExit: Transaction tracking system shut down
[2018.09.09-02.51.05:644][404]LogExit: Object subsystem successfully closed.
[2018.09.09-02.51.05:663][404]LogShaderCompilers: Display: Shaders left to compile 0
[2018.09.09-02.51.05:668][404]LogD3D11RHI: Shutdown
[2018.09.09-02.51.05:668][404]LogD3D11RHI: CleanupD3DDevice
[2018.09.09-02.51.05:670][404]LogD3D11RHI: ~FD3D11DynamicRHI
[2018.09.09-02.51.05:691][404]LogModuleManager: Shutting down and abandoning module MovieSceneCapture (614)
[2018.09.09-02.51.05:691][404]LogModuleManager: Shutting down and abandoning module Voice (612)
[2018.09.09-02.51.05:691][404]LogModuleManager: Shutting down and abandoning module HierarchicalLODOutliner (610)
[2018.09.09-02.51.05:691][404]LogModuleManager: Shutting down and abandoning module SceneOutliner (608)
[2018.09.09-02.51.05:691][404]LogModuleManager: Shutting down and abandoning module AddContentDialog (606)
[2018.09.09-02.51.05:692][404]LogModuleManager: Shutting down and abandoning module WidgetCarousel (605)
[2018.09.09-02.51.05:692][404]LogModuleManager: Shutting down and abandoning module EditorWidgets (602)
[2018.09.09-02.51.05:692][404]LogModuleManager: Shutting down and abandoning module CollectionManager (600)
[2018.09.09-02.51.05:692][404]LogModuleManager: Shutting down and abandoning module StatsViewer (598)
[2018.09.09-02.51.05:692][404]LogModuleManager: Shutting down and abandoning module FoliageEdit (596)
[2018.09.09-02.51.05:692][404]LogModuleManager: Shutting down and abandoning module LandscapeEditor (594)
[2018.09.09-02.51.05:692][404]LogModuleManager: Shutting down and abandoning module MeshPaintMode (592)
[2018.09.09-02.51.05:692][404]LogModuleManager: Shutting down and abandoning module SceneDepthPickerMode (590)
[2018.09.09-02.51.05:692][404]LogModuleManager: Shutting down and abandoning module ActorPickerMode (588)
[2018.09.09-02.51.05:692][404]LogModuleManager: Shutting down and abandoning module GeometryMode (586)
[2018.09.09-02.51.05:692][404]LogModuleManager: Shutting down and abandoning module TextureAlignMode (584)
[2018.09.09-02.51.05:692][404]LogModuleManager: Shutting down and abandoning module BspMode (582)
[2018.09.09-02.51.05:692][404]LogModuleManager: Shutting down and abandoning module PIEPreviewDeviceProfileSelector (580)
[2018.09.09-02.51.05:692][404]LogModuleManager: Shutting down and abandoning module SequenceRecorderSections (578)
[2018.09.09-02.51.05:692][404]LogModuleManager: Shutting down and abandoning module AutomationWorker (576)
[2018.09.09-02.51.05:692][404]LogModuleManager: Shutting down and abandoning module AudioCaptureEditor (574)
[2018.09.09-02.51.05:692][404]LogModuleManager: Shutting down and abandoning module SequenceRecorder (573)
[2018.09.09-02.51.05:692][404]LogModuleManager: Shutting down and abandoning module MatineeToLevelSequence (570)
[2018.09.09-02.51.05:692][404]LogModuleManager: Shutting down and abandoning module LevelSequenceEditor (568)
[2018.09.09-02.51.05:692][404]LogModuleManager: Shutting down and abandoning module PlacementMode (567)
[2018.09.09-02.51.05:693][404]LogModuleManager: Shutting down and abandoning module MaterialEditor (566)
[2018.09.09-02.51.05:693][404]LogModuleManager: Shutting down and abandoning module WmfMediaFactory (562)
[2018.09.09-02.51.05:693][404]LogModuleManager: Shutting down and abandoning module WmfMediaEditor (560)
[2018.09.09-02.51.05:693][404]LogModuleManager: Shutting down and abandoning module MediaPlayerEditor (558)
[2018.09.09-02.51.05:693][404]LogModuleManager: Shutting down and abandoning module OpenExrWrapper (556)
[2018.09.09-02.51.05:693][404]LogModuleManager: Shutting down and abandoning module ImgMediaFactory (554)
[2018.09.09-02.51.05:693][404]LogModuleManager: Shutting down and abandoning module ImgMediaEditor (552)
[2018.09.09-02.51.05:693][404]LogModuleManager: Shutting down and abandoning module AvfMediaFactory (550)
[2018.09.09-02.51.05:693][404]LogModuleManager: Shutting down and abandoning module AvfMediaEditor (548)
[2018.09.09-02.51.05:693][404]LogModuleManager: Shutting down and abandoning module AndroidMediaFactory (546)
[2018.09.09-02.51.05:693][404]LogModuleManager: Shutting down and abandoning module AndroidMediaEditor (544)
[2018.09.09-02.51.05:693][404]LogModuleManager: Shutting down and abandoning module MagicLeapCameraPreviewFactory (542)
[2018.09.09-02.51.05:693][404]LogModuleManager: Shutting down and abandoning module MagicLeapMediaFactory (540)
[2018.09.09-02.51.05:693][404]LogModuleManager: Shutting down and abandoning module MagicLeapMediaEditor (538)
[2018.09.09-02.51.05:693][404]LogModuleManager: Shutting down and abandoning module CharacterAI (536)
[2018.09.09-02.51.05:693][404]LogModuleManager: Shutting down and abandoning module SmartSnapping (534)
[2018.09.09-02.51.05:693][404]LogModuleManager: Shutting down and abandoning module SessionServices (532)
[2018.09.09-02.51.05:693][404]LogModuleManager: Shutting down and abandoning module ViewportSnapping (530)
[2018.09.09-02.51.05:693][404]LogModuleManager: Shutting down and abandoning module ViewportInteraction (528)
[2018.09.09-02.51.05:693][404]LogModuleManager: Shutting down and abandoning module ClothPainter (526)
[2018.09.09-02.51.05:693][404]LogModuleManager: Shutting down and abandoning module SkeletalMeshEditor (525)
[2018.09.09-02.51.05:693][404]LogModuleManager: Shutting down and abandoning module LogVisualizer (522)
[2018.09.09-02.51.05:693][404]LogModuleManager: Shutting down and abandoning module IntroTutorials (520)
[2018.09.09-02.51.05:693][404]LogModuleManager: Shutting down and abandoning module GameProjectGeneration (519)
[2018.09.09-02.51.05:693][404]LogModuleManager: Shutting down and abandoning module LuminPlatformEditor (516)
[2018.09.09-02.51.05:693][404]LogModuleManager: Shutting down and abandoning module IOSPlatformEditor (514)
[2018.09.09-02.51.05:694][404]LogModuleManager: Shutting down and abandoning module HTML5PlatformEditor (512)
[2018.09.09-02.51.05:694][404]LogModuleManager: Shutting down and abandoning module AndroidPlatformEditor (510)
[2018.09.09-02.51.05:694][404]LogModuleManager: Shutting down and abandoning module AndroidDeviceDetection (509)
[2018.09.09-02.51.07:188][404]LogModuleManager: Shutting down and abandoning module WindowsPlatformEditor (506)
[2018.09.09-02.51.07:188][404]LogModuleManager: Shutting down and abandoning module LuminRuntimeSettings (504)
[2018.09.09-02.51.07:188][404]LogModuleManager: Shutting down and abandoning module IOSRuntimeSettings (502)
[2018.09.09-02.51.07:188][404]LogModuleManager: Shutting down and abandoning module AndroidRuntimeSettings (500)
[2018.09.09-02.51.07:188][404]LogModuleManager: Shutting down and abandoning module InputBindingEditor (498)
[2018.09.09-02.51.07:188][404]LogModuleManager: Shutting down and abandoning module MergeActors (496)
[2018.09.09-02.51.07:188][404]LogModuleManager: Shutting down and abandoning module LocalizationDashboard (494)
[2018.09.09-02.51.07:188][404]LogModuleManager: Shutting down and abandoning module LocalizationService (493)
[2018.09.09-02.51.07:188][404]LogModuleManager: Shutting down and abandoning module HardwareTargeting (490)
[2018.09.09-02.51.07:188][404]LogModuleManager: Shutting down and abandoning module DeviceProfileEditor (488)
[2018.09.09-02.51.07:188][404]LogModuleManager: Shutting down and abandoning module UndoHistory (486)
[2018.09.09-02.51.07:188][404]LogModuleManager: Shutting down and abandoning module XmlParser (484)
[2018.09.09-02.51.07:188][404]LogModuleManager: Shutting down and abandoning module Blutility (482)
[2018.09.09-02.51.07:188][404]LogModuleManager: Shutting down and abandoning module ProjectSettingsViewer (480)
[2018.09.09-02.51.07:188][404]LogModuleManager: Shutting down and abandoning module ProjectTargetPlatformEditor (479)
[2018.09.09-02.51.07:188][404]LogModuleManager: Shutting down and abandoning module EditorSettingsViewer (476)
[2018.09.09-02.51.07:189][404]LogModuleManager: Shutting down and abandoning module SettingsEditor (474)
[2018.09.09-02.51.07:189][404]LogModuleManager: Shutting down and abandoning module ProjectLauncher (472)
[2018.09.09-02.51.07:189][404]LogModuleManager: Shutting down and abandoning module SessionFrontend (470)
[2018.09.09-02.51.07:189][404]LogModuleManager: Shutting down and abandoning module ProfilerClient (468)
[2018.09.09-02.51.07:189][404]LogModuleManager: Shutting down and abandoning module DeviceManager (466)
[2018.09.09-02.51.07:189][404]LogModuleManager: Shutting down and abandoning module TargetDeviceServices (465)
[2018.09.09-02.51.07:266][404]LogModuleManager: Shutting down and abandoning module AutomationController (462)
[2018.09.09-02.51.07:266][404]LogModuleManager: Shutting down and abandoning module AutomationWindow (460)
[2018.09.09-02.51.07:266][404]LogModuleManager: Shutting down and abandoning module Layers (458)
[2018.09.09-02.51.07:266][404]LogModuleManager: Shutting down and abandoning module ComponentVisualizers (456)
[2018.09.09-02.51.07:266][404]LogModuleManager: Shutting down and abandoning module DetailCustomizations (454)
[2018.09.09-02.51.07:266][404]LogModuleManager: Shutting down and abandoning module PackagesDialog (452)
[2018.09.09-02.51.07:266][404]LogModuleManager: Shutting down and abandoning module Persona (450)
[2018.09.09-02.51.07:266][404]LogModuleManager: Shutting down and abandoning module AdvancedPreviewScene (449)
[2018.09.09-02.51.07:266][404]LogModuleManager: Shutting down and abandoning module AnimGraph (447)
[2018.09.09-02.51.07:266][404]LogModuleManager: Shutting down and abandoning module Kismet (444)
[2018.09.09-02.51.07:266][404]LogModuleManager: Shutting down and abandoning module GraphEditor (442)
[2018.09.09-02.51.07:266][404]LogModuleManager: Shutting down and abandoning module ClassViewer (440)
[2018.09.09-02.51.07:266][404]LogModuleManager: Shutting down and abandoning module Toolbox (438)
[2018.09.09-02.51.07:266][404]LogModuleManager: Shutting down and abandoning module ModuleUI (436)
[2018.09.09-02.51.07:266][404]LogModuleManager: Shutting down and abandoning module MovieSceneTools (434)
[2018.09.09-02.51.07:266][404]LogModuleManager: Shutting down and abandoning module OutputLog (432)
[2018.09.09-02.51.07:266][404]LogModuleManager: Shutting down and abandoning module GammaUI (430)
[2018.09.09-02.51.07:266][404]LogModuleManager: Shutting down and abandoning module Documentation (428)
[2018.09.09-02.51.07:266][404]LogModuleManager: Shutting down and abandoning module MovieSceneTracks (426)
[2018.09.09-02.51.07:266][404]LogModuleManager: Shutting down and abandoning module MovieScene (424)
[2018.09.09-02.51.07:266][404]LogModuleManager: Shutting down and abandoning module StreamingPauseRendering (422)
[2018.09.09-02.51.07:266][404]LogModuleManager: Shutting down and abandoning module LauncherPlatform (420)
[2018.09.09-02.51.07:267][404]LogModuleManager: Shutting down and abandoning module AnalyticsET (418)
[2018.09.09-02.51.07:267][404]LogModuleManager: Shutting down and abandoning module PortalServices (416)
[2018.09.09-02.51.07:267][404]LogModuleManager: Shutting down and abandoning module PortalRpc (414)
[2018.09.09-02.51.07:267][404]LogModuleManager: Shutting down and abandoning module MessagingRpc (412)
[2018.09.09-02.51.07:267][404]LogModuleManager: Shutting down and abandoning module AIModule (410)
[2018.09.09-02.51.07:267][404]LogModuleManager: Shutting down and abandoning module GameplayDebugger (409)
[2018.09.09-02.51.07:267][404]LogModuleManager: Shutting down and abandoning module AITestSuite (407)
[2018.09.09-02.51.07:267][404]LogModuleManager: Shutting down and abandoning module NavigationSystem (405)
[2018.09.09-02.51.07:267][404]LogModuleManager: Shutting down and abandoning module DesktopPlatform (402)
[2018.09.09-02.51.07:267][404]LogModuleManager: Shutting down and abandoning module ProfilerService (400)
[2018.09.09-02.51.07:298][404]LogModuleManager: Shutting down and abandoning module TaskGraph (398)
[2018.09.09-02.51.07:298][404]LogModuleManager: Shutting down and abandoning module SteamVRController (396)
[2018.09.09-02.51.07:298][404]LogModuleManager: Shutting down and abandoning module ProceduralMeshComponentEditor (394)
[2018.09.09-02.51.07:298][404]LogModuleManager: Shutting down and abandoning module ProceduralMeshComponent (392)
[2018.09.09-02.51.07:298][404]LogModuleManager: Shutting down and abandoning module OculusInput (390)
[2018.09.09-02.51.07:298][404]LogModuleManager: Shutting down and abandoning module MobilePatchingUtils (388)
[2018.09.09-02.51.07:298][404]LogModuleManager: Shutting down and abandoning module EditableMesh (386)
[2018.09.09-02.51.07:298][404]LogModuleManager: Shutting down and abandoning module CustomMeshComponent (384)
[2018.09.09-02.51.07:298][404]LogModuleManager: Shutting down and abandoning module CableComponent (382)
[2018.09.09-02.51.07:298][404]LogModuleManager: Shutting down and abandoning module AudioCapture (380)
[2018.09.09-02.51.07:298][404]LogModuleManager: Shutting down and abandoning module ArchVisCharacter (378)
[2018.09.09-02.51.07:298][404]LogModuleManager: Shutting down and abandoning module AndroidPermission (376)
[2018.09.09-02.51.07:298][404]LogModuleManager: Shutting down and abandoning module NUTUnrealEngine4 (374)
[2018.09.09-02.51.07:298][404]LogModuleManager: Shutting down and abandoning module NetcodeUnitTest (372)
[2018.09.09-02.51.07:298][404]LogModuleManager: Shutting down and abandoning module MediaCompositingEditor (370)
[2018.09.09-02.51.07:298][404]LogModuleManager: Shutting down and abandoning module MediaCompositing (368)
[2018.09.09-02.51.07:298][404]LogModuleManager: Shutting down and abandoning module LinearTimecode (366)
[2018.09.09-02.51.07:298][404]LogModuleManager: Shutting down and abandoning module ImgMedia (364)
[2018.09.09-02.51.07:301][404]LogModuleManager: Shutting down and abandoning module HTML5Networking (362)
[2018.09.09-02.51.07:301][404]LogModuleManager: Shutting down and abandoning module GeometryCacheTracks (360)
[2018.09.09-02.51.07:301][404]LogModuleManager: Shutting down and abandoning module GeometryCacheSequencer (358)
[2018.09.09-02.51.07:301][404]LogModuleManager: Shutting down and abandoning module BackChannel (356)
[2018.09.09-02.51.07:301][404]LogModuleManager: Shutting down and abandoning module AppleVision (354)
[2018.09.09-02.51.07:301][404]LogModuleManager: Shutting down and abandoning module AppleImageUtils (352)
[2018.09.09-02.51.07:301][404]LogModuleManager: Shutting down and abandoning module AlembicImporter (350)
[2018.09.09-02.51.07:301][404]LogModuleManager: Shutting down and abandoning module AlembicLibrary (349)
[2018.09.09-02.51.07:301][404]LogModuleManager: Shutting down and abandoning module GeometryCache (348)
[2018.09.09-02.51.07:301][404]LogModuleManager: Shutting down and abandoning module GeometryCacheEd (347)
[2018.09.09-02.51.07:301][404]LogModuleManager: Shutting down and abandoning module DatasmithContentEditor (342)
[2018.09.09-02.51.07:301][404]LogModuleManager: Shutting down and abandoning module DatasmithContent (340)
[2018.09.09-02.51.07:302][404]LogModuleManager: Shutting down and abandoning module SpeedTreeImporter (338)
[2018.09.09-02.51.07:302][404]LogModuleManager: Shutting down and abandoning module PluginBrowser (336)
[2018.09.09-02.51.07:302][404]LogModuleManager: Shutting down and abandoning module MobileLauncherProfileWizard (334)
[2018.09.09-02.51.07:302][404]LogModuleManager: Shutting down and abandoning module PolygonModeling (332)
[2018.09.09-02.51.07:302][404]LogModuleManager: Shutting down and abandoning module MeshEditor (330)
[2018.09.09-02.51.07:302][404]LogModuleManager: Shutting down and abandoning module CryptoKeysOpenSSL (328)
[2018.09.09-02.51.07:302][404]LogModuleManager: Shutting down and abandoning module CryptoKeys (326)
[2018.09.09-02.51.07:302][404]LogModuleManager: Shutting down and abandoning module VisualStudioSourceCodeAccess (324)
[2018.09.09-02.51.07:302][404]LogModuleManager: Shutting down and abandoning module VisualStudioCodeSourceCodeAccess (322)
[2018.09.09-02.51.07:302][404]LogModuleManager: Shutting down and abandoning module UObjectPlugin (320)
[2018.09.09-02.51.07:302][404]LogModuleManager: Shutting down and abandoning module SubversionSourceControl (318)
[2018.09.09-02.51.07:302][404]LogModuleManager: Shutting down and abandoning module PerforceSourceControl (316)
[2018.09.09-02.51.07:302][404]LogModuleManager: Shutting down and abandoning module GitSourceControl (314)
[2018.09.09-02.51.07:302][404]LogModuleManager: Shutting down and abandoning module SourceControl (313)
[2018.09.09-02.51.07:302][404]LogModuleManager: Shutting down and abandoning module CLionSourceCodeAccess (310)
[2018.09.09-02.51.07:302][404]LogModuleManager: Shutting down and abandoning module LightPropagationVolumeEditor (308)
[2018.09.09-02.51.07:302][404]LogModuleManager: Shutting down and abandoning module PaperTiledImporter (306)
[2018.09.09-02.51.07:302][404]LogModuleManager: Shutting down and abandoning module PaperSpriteSheetImporter (304)
[2018.09.09-02.51.07:302][404]LogModuleManager: Shutting down and abandoning module Paper2DEditor (302)
[2018.09.09-02.51.07:302][404]LogModuleManager: Shutting down and abandoning module MeshPaint (301)
[2018.09.09-02.51.07:302][404]LogModuleManager: Shutting down and abandoning module RuntimePhysXCooking (298)
[2018.09.09-02.51.07:302][404]LogModuleManager: Shutting down and abandoning module PhysXVehiclesEditor (296)
[2018.09.09-02.51.07:302][404]LogModuleManager: Shutting down and abandoning module PhysXVehicles (294)
[2018.09.09-02.51.07:302][404]LogModuleManager: Shutting down and abandoning module OculusEditor (292)
[2018.09.09-02.51.07:302][404]LogModuleManager: Shutting down and abandoning module LocationServicesBPLibrary (290)
[2018.09.09-02.51.07:302][404]LogModuleManager: Shutting down and abandoning module ImmediatePhysicsEditor (288)
[2018.09.09-02.51.07:302][404]LogModuleManager: Shutting down and abandoning module ImmediatePhysics (286)
[2018.09.09-02.51.07:302][404]LogModuleManager: Shutting down and abandoning module ActorSequence (284)
[2018.09.09-02.51.07:302][404]LogModuleManager: Shutting down and abandoning module UdpMessaging (282)
[2018.09.09-02.51.07:403][404]LogModuleManager: Shutting down and abandoning module TcpMessaging (280)
[2018.09.09-02.51.07:504][404]LogModuleManager: Shutting down and abandoning module MagicLeapAudio (278)
[2018.09.09-02.51.07:504][404]LogModuleManager: Shutting down and abandoning module GameplayTagsEditor (276)
[2018.09.09-02.51.07:504][404]LogModuleManager: Shutting down and abandoning module FacialAnimationEditor (274)
[2018.09.09-02.51.07:504][404]LogModuleManager: Shutting down and abandoning module FacialAnimation (272)
[2018.09.09-02.51.07:504][404]LogModuleManager: Shutting down and abandoning module DataValidation (270)
[2018.09.09-02.51.07:504][404]LogModuleManager: Shutting down and abandoning module AssetManagerEditor (268)
[2018.09.09-02.51.07:504][404]LogModuleManager: Shutting down and abandoning module LevelEditor (267)
[2018.09.09-02.51.07:505][404]LogModuleManager: Shutting down and abandoning module PixelInspectorModule (266)
[2018.09.09-02.51.07:505][404]LogModuleManager: Shutting down and abandoning module CommonMenuExtensions (264)
[2018.09.09-02.51.07:505][404]LogModuleManager: Shutting down and abandoning module MainFrame (262)
[2018.09.09-02.51.07:505][404]LogModuleManager: Shutting down and abandoning module HotReload (261)
[2018.09.09-02.51.07:505][404]LogModuleManager: Shutting down and abandoning module ContentBrowser (257)
[2018.09.09-02.51.07:507][404]LogModuleManager: Shutting down and abandoning module TreeMap (255)
[2018.09.09-02.51.07:507][404]LogModuleManager: Shutting down and abandoning module LightPropagationVolumeRuntime (252)
[2018.09.09-02.51.07:507][404]LogModuleManager: Shutting down and abandoning module AISupportModule (250)
[2018.09.09-02.51.07:507][404]LogModuleManager: Shutting down and abandoning module Paper2D (248)
[2018.09.09-02.51.07:507][404]LogModuleManager: Shutting down and abandoning module WindowsMoviePlayer (246)
[2018.09.09-02.51.07:507][404]LogModuleManager: Shutting down and abandoning module WmfMedia (244)
[2018.09.09-02.51.07:508][404]LogModuleManager: Shutting down and abandoning module Media (243)
[2018.09.09-02.51.07:514][404]LogModuleManager: Shutting down and abandoning module PacketHandler (240)
[2018.09.09-02.51.07:514][404]LogModuleManager: Shutting down and abandoning module ClothingSystemEditor (238)
[2018.09.09-02.51.07:514][404]LogModuleManager: Shutting down and abandoning module ClothingSystemRuntime (236)
[2018.09.09-02.51.07:514][404]LogModuleManager: Shutting down and abandoning module MediaAssets (234)
[2018.09.09-02.51.07:514][404]LogModuleManager: Shutting down and abandoning module Overlay (232)
[2018.09.09-02.51.07:514][404]LogModuleManager: Shutting down and abandoning module OverlayEditor (231)
[2018.09.09-02.51.07:514][404]LogModuleManager: Shutting down and abandoning module VREditor (228)
[2018.09.09-02.51.07:514][404]LogModuleManager: Shutting down and abandoning module StringTableEditor (226)
[2018.09.09-02.51.07:514][404]LogModuleManager: Shutting down and abandoning module GameplayTasksEditor (224)
[2018.09.09-02.51.07:514][404]LogModuleManager: Shutting down and abandoning module BehaviorTreeEditor (222)
[2018.09.09-02.51.07:515][404]LogModuleManager: Shutting down and abandoning module FunctionalTesting (220)
[2018.09.09-02.51.07:515][404]LogModuleManager: Shutting down and abandoning module CollisionAnalyzer (218)
[2018.09.09-02.51.07:515][404]LogModuleManager: Shutting down and abandoning module WorkspaceMenuStructure (217)
[2018.09.09-02.51.07:515][404]LogModuleManager: Shutting down and abandoning module UMG (214)
[2018.09.09-02.51.07:515][404]LogModuleManager: Shutting down and abandoning module UMGEditor (213)
[2018.09.09-02.51.07:515][404]LogModuleManager: Shutting down and abandoning module Sequencer (212)
[2018.09.09-02.51.07:515][404]LogModuleManager: Shutting down and abandoning module MessageLog (209)
[2018.09.09-02.51.07:515][404]LogModuleManager: Shutting down and abandoning module SlateReflector (204)
[2018.09.09-02.51.07:515][404]LogModuleManager: Shutting down and abandoning module Slate (202)
[2018.09.09-02.51.07:515][404]LogModuleManager: Shutting down and abandoning module EditorStyle (200)
[2018.09.09-02.51.07:516][404]LogModuleManager: Shutting down and abandoning module MRMesh (198)
[2018.09.09-02.51.07:516][404]LogModuleManager: Shutting down and abandoning module SourceCodeAccess (196)
[2018.09.09-02.51.07:516][404]LogModuleManager: Shutting down and abandoning module HeadMountedDisplay (194)
[2018.09.09-02.51.07:516][404]LogModuleManager: Shutting down and abandoning module XAudio2 (192)
[2018.09.09-02.51.07:516][404]LogModuleManager: Shutting down and abandoning module Networking (190)
[2018.09.09-02.51.07:516][404]LogModuleManager: Shutting down and abandoning module Core (188)
[2018.09.09-02.51.07:516][404]LogModuleManager: Shutting down and abandoning module LevelSequence (186)
[2018.09.09-02.51.07:516][404]LogModuleManager: Shutting down and abandoning module KismetCompiler (184)
[2018.09.09-02.51.07:516][404]LogModuleManager: Shutting down and abandoning module MeshUtilities (182)
[2018.09.09-02.51.07:516][404]LogModuleManager: Shutting down and abandoning module MeshMergeUtilities (181)
[2018.09.09-02.51.07:516][404]LogModuleManager: Shutting down and abandoning module MeshReductionInterface (180)
[2018.09.09-02.51.07:517][404]LogModuleManager: Shutting down and abandoning module SimplygonSwarm (179)
[2018.09.09-02.51.07:517][404]LogModuleManager: Shutting down and abandoning module ProxyLODMeshReduction (177)
[2018.09.09-02.51.07:517][404]LogModuleManager: Shutting down and abandoning module SimplygonMeshReduction (175)
[2018.09.09-02.51.07:517][404]LogModuleManager: Shutting down and abandoning module QuadricMeshReduction (173)
[2018.09.09-02.51.07:517][404]LogModuleManager: Shutting down and abandoning module MaterialBaking (169)
[2018.09.09-02.51.07:517][404]LogModuleManager: Shutting down and abandoning module DirectoryWatcher (165)
[2018.09.09-02.51.07:517][404]LogModuleManager: Shutting down and abandoning module DerivedDataCache (162)
[2018.09.09-02.51.07:562][404]LogDerivedDataCache: Shutdown
[2018.09.09-02.51.07:562][404]LogModuleManager: Shutting down and abandoning module XGEController (160)
[2018.09.09-02.51.07:562][404]LogModuleManager: Shutting down and abandoning module TargetPlatform (158)
[2018.09.09-02.51.07:562][404]LogModuleManager: Shutting down and abandoning module VulkanShaderFormat (157)
[2018.09.09-02.51.07:562][404]LogModuleManager: Shutting down and abandoning module ShaderFormatVectorVM (155)
[2018.09.09-02.51.07:562][404]LogModuleManager: Shutting down and abandoning module ShaderFormatOpenGL (153)
[2018.09.09-02.51.07:562][404]LogModuleManager: Shutting down and abandoning module ShaderFormatD3D (151)
[2018.09.09-02.51.07:562][404]LogModuleManager: Shutting down and abandoning module MetalShaderFormat (149)
[2018.09.09-02.51.07:562][404]LogModuleManager: Shutting down and abandoning module TextureFormatUncompressed (147)
[2018.09.09-02.51.07:562][404]LogModuleManager: Shutting down and abandoning module TextureFormatPVR (145)
[2018.09.09-02.51.07:562][404]LogModuleManager: Shutting down and abandoning module TextureFormatDXT (143)
[2018.09.09-02.51.07:562][404]LogModuleManager: Shutting down and abandoning module TextureFormatIntelISPCTexComp (141)
[2018.09.09-02.51.07:562][404]LogModuleManager: Shutting down and abandoning module TextureFormatASTC (139)
[2018.09.09-02.51.07:562][404]LogModuleManager: Shutting down and abandoning module ImageWrapper (138)
[2018.09.09-02.51.07:562][404]LogModuleManager: Shutting down and abandoning module TextureFormatAndroid (135)
[2018.09.09-02.51.07:562][404]LogModuleManager: Shutting down and abandoning module AudioFormatOpus (133)
[2018.09.09-02.51.07:562][404]LogModuleManager: Shutting down and abandoning module AudioFormatOgg (131)
[2018.09.09-02.51.07:562][404]LogModuleManager: Shutting down and abandoning module AudioFormatADPCM (129)
[2018.09.09-02.51.07:562][404]LogModuleManager: Shutting down and abandoning module LuminTargetPlatform (127)
[2018.09.09-02.51.07:562][404]LogModuleManager: Shutting down and abandoning module LinuxTargetPlatform (125)
[2018.09.09-02.51.07:562][404]LogModuleManager: Shutting down and abandoning module LinuxServerTargetPlatform (123)
[2018.09.09-02.51.07:562][404]LogModuleManager: Shutting down and abandoning module LinuxNoEditorTargetPlatform (121)
[2018.09.09-02.51.07:562][404]LogModuleManager: Shutting down and abandoning module LinuxClientTargetPlatform (119)
[2018.09.09-02.51.07:562][404]LogModuleManager: Shutting down and abandoning module TVOSTargetPlatform (117)
[2018.09.09-02.51.07:563][404]LogModuleManager: Shutting down and abandoning module Messaging (115)
[2018.09.09-02.51.07:563][404]LogModuleManager: Shutting down and abandoning module IOSTargetPlatform (113)
[2018.09.09-02.51.07:564][404]LogModuleManager: Shutting down and abandoning module HTML5TargetPlatform (111)
[2018.09.09-02.51.07:564][404]LogModuleManager: Shutting down and abandoning module AndroidTargetPlatform (109)
[2018.09.09-02.51.07:570][404]LogModuleManager: Shutting down and abandoning module WindowsTargetPlatform (107)
[2018.09.09-02.51.07:570][404]LogModuleManager: Shutting down and abandoning module WindowsServerTargetPlatform (105)
[2018.09.09-02.51.07:570][404]LogModuleManager: Shutting down and abandoning module WindowsNoEditorTargetPlatform (103)
[2018.09.09-02.51.07:570][404]LogModuleManager: Shutting down and abandoning module WindowsClientTargetPlatform (101)
[2018.09.09-02.51.07:570][404]LogModuleManager: Shutting down and abandoning module MacTargetPlatform (99)
[2018.09.09-02.51.07:570][404]LogModuleManager: Shutting down and abandoning module MacServerTargetPlatform (97)
[2018.09.09-02.51.07:570][404]LogModuleManager: Shutting down and abandoning module MacNoEditorTargetPlatform (95)
[2018.09.09-02.51.07:570][404]LogModuleManager: Shutting down and abandoning module MacClientTargetPlatform (93)
[2018.09.09-02.51.07:570][404]LogModuleManager: Shutting down and abandoning module AllDesktopTargetPlatform (91)
[2018.09.09-02.51.07:570][404]LogModuleManager: Shutting down and abandoning module InputCore (88)
[2018.09.09-02.51.07:571][404]LogModuleManager: Shutting down and abandoning module Settings (86)
[2018.09.09-02.51.07:571][404]LogModuleManager: Shutting down and abandoning module PhysXCooking (84)
[2018.09.09-02.51.07:571][404]LogModuleManager: Shutting down and abandoning module SteamVR (82)
[2018.09.09-02.51.07:571][404]LogModuleManager: Shutting down and abandoning module OculusHMD (80)
[2018.09.09-02.51.07:571][404]LogModuleManager: Shutting down and abandoning module ExampleDeviceProfileSelector (78)
[2018.09.09-02.51.07:571][404]LogModuleManager: Shutting down and abandoning module LauncherChunkInstaller (76)
[2018.09.09-02.51.07:571][404]LogModuleManager: Shutting down and abandoning module OnlineBlueprintSupport (74)
[2018.09.09-02.51.07:571][404]LogModuleManager: Shutting down and abandoning module OnlineSubsystem (70)
[2018.09.09-02.51.07:571][404]LogModuleManager: Shutting down and abandoning module XMPP (65)
[2018.09.09-02.51.07:572][404]LogModuleManager: Shutting down and abandoning module WebSockets (64)
[2018.09.09-02.51.07:601][404]LogModuleManager: Shutting down and abandoning module HTTP (61)
[2018.09.09-02.51.07:601][404]LogHttp: Display: Http module shutting down, but needs to wait on 1 outstanding Http requests:
[2018.09.09-02.51.07:601][404]LogHttp: Display: 	verb=[POST] url=[https://datarouter.ol.epicgames.com/datarouter/api/v1/public/data?SessionID=%7B81D0B17F-4F68-F417-7FEA-8F971ADCF812%7D&AppID=UEEditor.Rocket.Release&AppVersion=4.20.2-4302132%2B%2B%2BUE4%2BRelease-4.20&UserID=a93ea69c428aaa583dbbd0b96e0eca3e%7Cedd514630e2b48759f829fa9af10072f%7C46625172-f007-4a18-a3df-fb9879894013&AppEnvironment=datacollector-binary&UploadType=eteventstream] status=Processing
[2018.09.09-02.51.07:616][404]LogModuleManager: Shutting down and abandoning module SSL (60)
[2018.09.09-02.51.07:617][404]LogModuleManager: Shutting down and abandoning module MagicLeapEmulator (56)
[2018.09.09-02.51.07:617][404]LogModuleManager: Shutting down and abandoning module MagicLeapPrivileges (54)
[2018.09.09-02.51.07:617][404]LogModuleManager: Shutting down and abandoning module MagicLeapIdentity (52)
[2018.09.09-02.51.07:617][404]LogModuleManager: Shutting down and abandoning module MagicLeapHelperVulkan (50)
[2018.09.09-02.51.07:617][404]LogModuleManager: Shutting down and abandoning module MagicLeapHelperOpenGL (48)
[2018.09.09-02.51.07:617][404]LogModuleManager: Shutting down and abandoning module MagicLeapSecureStorage (46)
[2018.09.09-02.51.07:617][404]LogModuleManager: Shutting down and abandoning module MagicLeapGestures (44)
[2018.09.09-02.51.07:617][404]LogModuleManager: Shutting down and abandoning module MagicLeapEyeTracker (42)
[2018.09.09-02.51.07:617][404]LogModuleManager: Shutting down and abandoning module MagicLeapController (40)
[2018.09.09-02.51.07:617][404]LogSlate: Slate User Destroyed.  User Index 0, Is Virtual User: 0
[2018.09.09-02.51.07:618][404]LogModuleManager: Shutting down and abandoning module MagicLeap (38)
[2018.09.09-02.51.07:618][404]LogModuleManager: Shutting down and abandoning module AnimationModifiers (36)
[2018.09.09-02.51.07:618][404]LogModuleManager: Shutting down and abandoning module PropertyEditor (35)
[2018.09.09-02.51.07:618][404]LogModuleManager: Shutting down and abandoning module AudioEditor (32)
[2018.09.09-02.51.07:618][404]LogModuleManager: Shutting down and abandoning module TextureCompressor (30)
[2018.09.09-02.51.07:618][404]LogModuleManager: Shutting down and abandoning module ShaderCore (28)
[2018.09.09-02.51.07:618][404]LogModuleManager: Shutting down and abandoning module Landscape (26)
[2018.09.09-02.51.07:618][404]LogModuleManager: Shutting down and abandoning module SlateRHIRenderer (24)
[2018.09.09-02.51.07:618][404]LogModuleManager: Shutting down and abandoning module OpenGLDrv (22)
[2018.09.09-02.51.07:618][404]LogModuleManager: Shutting down and abandoning module D3D11RHI (20)
[2018.09.09-02.51.07:618][404]LogModuleManager: Shutting down and abandoning module AnimGraphRuntime (18)
[2018.09.09-02.51.07:618][404]LogModuleManager: Shutting down and abandoning module Renderer (16)
[2018.09.09-02.51.07:618][404]LogModuleManager: Shutting down and abandoning module Engine (14)
[2018.09.09-02.51.07:618][404]LogModuleManager: Shutting down and abandoning module CoreUObject (12)
[2018.09.09-02.51.07:619][404]LogModuleManager: Shutting down and abandoning module NetworkFile (10)
[2018.09.09-02.51.07:619][404]LogModuleManager: Shutting down and abandoning module CookedIterativeFile (8)
[2018.09.09-02.51.07:619][404]LogModuleManager: Shutting down and abandoning module StreamingFile (6)
[2018.09.09-02.51.07:619][404]LogModuleManager: Shutting down and abandoning module SandboxFile (4)
[2018.09.09-02.51.07:619][404]LogModuleManager: Shutting down and abandoning module PakFile (2)
[2018.09.09-02.51.07:625][404]LogExit: Exiting.
[2018.09.09-02.51.07:653][404]Log file closed, 09/08/18 20:51:07
